#
# There is insufficient memory for the Java Runtime Environment to continue.
# Native memory allocation (malloc) failed to allocate 2097152 bytes for AllocateHeap
# Possible reasons:
#   The system is out of physical RAM or swap space
#   The process is running with CompressedOops enabled, and the Java Heap may be blocking the growth of the native heap
# Possible solutions:
#   Reduce memory load on the system
#   Increase physical memory or swap space
#   Check if swap backing store is full
#   Decrease Java heap size (-Xmx/-Xms)
#   Decrease number of Java threads
#   Decrease Java thread stack sizes (-Xss)
#   Set larger code cache with -XX:ReservedCodeCacheSize=
#   JVM is running with Unscaled Compressed Oops mode in which the Java heap is
#     placed in the first 4GB address space. The Java Heap base address is the
#     maximum limit for the native heap growth. Please use -XX:HeapBaseMinAddress
#     to set the Java Heap base and to place the Java Heap above 4GB virtual address.
# This output file may be truncated or incomplete.
#
#  Out of Memory Error (allocation.cpp:44), pid=9588, tid=8916
#
# JRE version: Java(TM) SE Runtime Environment (21.0.7+8) (build 21.0.7+8-LTS-245)
# Java VM: Java HotSpot(TM) 64-Bit Server VM (21.0.7+8-LTS-245, mixed mode, sharing, tiered, compressed oops, compressed class ptrs, g1 gc, windows-amd64)
# No core dump will be written. Minidumps are not enabled by default on client versions of Windows
#

---------------  S U M M A R Y ------------

Command Line: -XX:+ShowCodeDetailsInExceptionMessages com.recruit.springboot.RecruitmentWebPortal.RecruitmentWebPortalApplication

Host: AMD Ryzen 5 5500U with Radeon Graphics         , 12 cores, 7G,  Windows 11 , 64 bit Build 22000 (10.0.22000.2538)
Time: Tue Jul 15 09:24:39 2025 India Standard Time elapsed time: 2708.136096 seconds (0d 0h 45m 8s)

---------------  T H R E A D  ---------------

Current thread (0x000001707fab1a00):  VMThread "VM Thread"          [id=8916, stack(0x0000003c2f400000,0x0000003c2f500000) (1024K)]

Stack: [0x0000003c2f400000,0x0000003c2f500000]
Native frames: (J=compiled Java code, j=interpreted, Vv=VM code, C=native code)
V  [jvm.dll+0x6cae19]
V  [jvm.dll+0x855741]
V  [jvm.dll+0x857c6e]
V  [jvm.dll+0x858343]
V  [jvm.dll+0x27e0b6]
V  [jvm.dll+0xbfa77]
V  [jvm.dll+0x34493e]
V  [jvm.dll+0x33f26e]
V  [jvm.dll+0x327cd8]
V  [jvm.dll+0x36abd4]
V  [jvm.dll+0x85e110]
V  [jvm.dll+0x85f494]
V  [jvm.dll+0x85f9d0]
V  [jvm.dll+0x85fc73]
V  [jvm.dll+0x7ffa1b]
V  [jvm.dll+0x6c94fd]
C  [ucrtbase.dll+0x26c0c]
C  [KERNEL32.DLL+0x153e0]
C  [ntdll.dll+0x485b]

VM_Operation (0x0000003c2eafef00): G1CollectFull, mode: safepoint, requested by thread 0x0000017059b6a530


---------------  P R O C E S S  ---------------

Threads class SMR info:
_java_thread_list=0x0000017055622080, length=15, elements={
0x000001707fac93f0, 0x000001707faca100, 0x000001707facbcc0, 0x000001707facc710,
0x000001707facd290, 0x000001707fad1360, 0x000001707fad3220, 0x000001707fae3e70,
0x0000017054139b10, 0x0000017054171790, 0x0000017056b982b0, 0x0000017056b961e0,
0x0000017059b6d9b0, 0x0000017059b69810, 0x0000017059b6a530
}

Java Threads: ( => current thread )
  0x000001707fac93f0 JavaThread "Reference Handler"          daemon [_thread_blocked, id=24548, stack(0x0000003c2f500000,0x0000003c2f600000) (1024K)]
  0x000001707faca100 JavaThread "Finalizer"                  daemon [_thread_blocked, id=8796, stack(0x0000003c2f600000,0x0000003c2f700000) (1024K)]
  0x000001707facbcc0 JavaThread "Signal Dispatcher"          daemon [_thread_blocked, id=7208, stack(0x0000003c2f700000,0x0000003c2f800000) (1024K)]
  0x000001707facc710 JavaThread "Attach Listener"            daemon [_thread_blocked, id=10536, stack(0x0000003c2f800000,0x0000003c2f900000) (1024K)]
  0x000001707facd290 JavaThread "Service Thread"             daemon [_thread_blocked, id=23872, stack(0x0000003c2f900000,0x0000003c2fa00000) (1024K)]
  0x000001707fad1360 JavaThread "Monitor Deflation Thread"   daemon [_thread_blocked, id=16684, stack(0x0000003c2fa00000,0x0000003c2fb00000) (1024K)]
  0x000001707fad3220 JavaThread "C2 CompilerThread0"         daemon [_thread_blocked, id=23152, stack(0x0000003c2fb00000,0x0000003c2fc00000) (1024K)]
  0x000001707fae3e70 JavaThread "C1 CompilerThread0"         daemon [_thread_blocked, id=16748, stack(0x0000003c2fc00000,0x0000003c2fd00000) (1024K)]
  0x0000017054139b10 JavaThread "Notification Thread"        daemon [_thread_blocked, id=24260, stack(0x0000003c2fd00000,0x0000003c2fe00000) (1024K)]
  0x0000017054171790 JavaThread "Common-Cleaner"             daemon [_thread_blocked, id=5612, stack(0x0000003c2fe00000,0x0000003c2ff00000) (1024K)]
  0x0000017056b982b0 JavaThread "mysql-cj-abandoned-connection-cleanup" daemon [_thread_blocked, id=23928, stack(0x0000003c31100000,0x0000003c31200000) (1024K)]
  0x0000017056b961e0 JavaThread "Live Reload Server"         daemon [_thread_in_native, id=3092, stack(0x0000003c31700000,0x0000003c31800000) (1024K)]
  0x0000017059b6d9b0 JavaThread "DestroyJavaVM"                     [_thread_blocked, id=4656, stack(0x0000003c2ed00000,0x0000003c2ee00000) (1024K)]
  0x0000017059b69810 JavaThread "File Watcher"               daemon [_thread_blocked, id=8552, stack(0x0000003c2eb00000,0x0000003c2ec00000) (1024K)]
  0x0000017059b6a530 JavaThread "Thread-38"                         [_thread_blocked, id=24540, stack(0x0000003c2ea00000,0x0000003c2eb00000) (1024K)]
Total: 15

Other Threads:
=>0x000001707fab1a00 VMThread "VM Thread"                           [id=8916, stack(0x0000003c2f400000,0x0000003c2f500000) (1024K)]
  0x000001707faa2790 WatcherThread "VM Periodic Task Thread"        [id=7688, stack(0x0000003c2f300000,0x0000003c2f400000) (1024K)]
  0x0000017072026860 WorkerThread "GC Thread#0"                     [id=23756, stack(0x0000003c2ee00000,0x0000003c2ef00000) (1024K)]
  0x0000017054c571e0 WorkerThread "GC Thread#1"                     [id=6680, stack(0x0000003c30100000,0x0000003c30200000) (1024K)]
  0x0000017054c41c80 WorkerThread "GC Thread#2"                     [id=5624, stack(0x0000003c30200000,0x0000003c30300000) (1024K)]
  0x0000017054c36420 WorkerThread "GC Thread#3"                     [id=17472, stack(0x0000003c30300000,0x0000003c30400000) (1024K)]
  0x0000017054beddc0 WorkerThread "GC Thread#4"                     [id=8976, stack(0x0000003c30400000,0x0000003c30500000) (1024K)]
  0x0000017054bee160 WorkerThread "GC Thread#5"                     [id=11232, stack(0x0000003c30500000,0x0000003c30600000) (1024K)]
  0x0000017054fbbad0 WorkerThread "GC Thread#6"                     [id=22320, stack(0x0000003c30800000,0x0000003c30900000) (1024K)]
  0x0000017054fbbe70 WorkerThread "GC Thread#7"                     [id=20504, stack(0x0000003c30900000,0x0000003c30a00000) (1024K)]
  0x00000170551f81d0 WorkerThread "GC Thread#8"                     [id=19572, stack(0x0000003c30a00000,0x0000003c30b00000) (1024K)]
  0x00000170551f8570 WorkerThread "GC Thread#9"                     [id=13952, stack(0x0000003c30b00000,0x0000003c30c00000) (1024K)]
  0x00000170720369e0 ConcurrentGCThread "G1 Main Marker"            [id=7720, stack(0x0000003c2ef00000,0x0000003c2f000000) (1024K)]
  0x00000170720375a0 WorkerThread "G1 Conc#0"                       [id=4092, stack(0x0000003c2f000000,0x0000003c2f100000) (1024K)]
  0x00000170551f9050 WorkerThread "G1 Conc#1"                       [id=20176, stack(0x0000003c30d00000,0x0000003c30e00000) (1024K)]
  0x00000170551f93f0 WorkerThread "G1 Conc#2"                       [id=13968, stack(0x0000003c30e00000,0x0000003c30f00000) (1024K)]
  0x000001707208ea40 ConcurrentGCThread "G1 Refine#0"               [id=2264, stack(0x0000003c2f100000,0x0000003c2f200000) (1024K)]
  0x000001707f9739f0 ConcurrentGCThread "G1 Service"                [id=1388, stack(0x0000003c2f200000,0x0000003c2f300000) (1024K)]
Total: 18

Threads with active compile tasks:
C1 CompilerThread0  2708165 15098   !   3       java.util.concurrent.ThreadPoolExecutor::tryTerminate (177 bytes)
Total: 1

VM state: at safepoint (normal execution)

VM Mutex/Monitor currently owned by a thread:  ([mutex/lock_event])
[0x00007ffad802de50] Threads_lock - owner thread: 0x000001707fab1a00
[0x00007ffad802df50] Heap_lock - owner thread: 0x0000017059b6a530

Heap address: 0x000000008ac00000, size: 1876 MB, Compressed Oops mode: 32-bit

CDS archive(s) mapped at: [0x000001700f000000-0x000001700fc90000-0x000001700fc90000), size 13172736, SharedBaseAddress: 0x000001700f000000, ArchiveRelocationMode: 1.
Compressed class space mapped at: 0x0000017010000000-0x0000017050000000, reserved size: 1073741824
Narrow klass base: 0x000001700f000000, Narrow klass shift: 0, Narrow klass range: 0x100000000

GC Precious Log:
 CardTable entry size: 512
 Card Set container configuration: InlinePtr #cards 5 size 8 Array Of Cards #cards 12 size 40 Howl #buckets 4 coarsen threshold 1843 Howl Bitmap #cards 512 size 80 coarsen threshold 460 Card regions per heap region 1 cards per card region 2048
 CPUs: 12 total, 12 available
 Memory: 7501M
 Large Page Support: Disabled
 NUMA Support: Disabled
 Compressed Oops: Enabled (32-bit)
 Heap Region Size: 1M
 Heap Min Capacity: 8M
 Heap Initial Capacity: 118M
 Heap Max Capacity: 1876M
 Pre-touch: Disabled
 Parallel Workers: 10
 Concurrent Workers: 3
 Concurrent Refinement Workers: 10
 Periodic GC: Disabled

Heap:
 garbage-first heap   total 95232K, used 68151K [0x000000008ac00000, 0x0000000100000000)
  region size 1024K, 38 young (38912K), 5 survivors (5120K)
 Metaspace       used 89179K, committed 89920K, reserved 1179648K
  class space    used 11268K, committed 11648K, reserved 1048576K

Heap Regions: E=young(eden), S=young(survivor), O=old, HS=humongous(starts), HC=humongous(continues), CS=collection set, F=free, TAMS=top-at-mark-start, PB=parsable bottom
|   0|0x000000008ac00000, 0x000000008ad00000, 0x000000008ad00000|100%|HS|  |TAMS 0x000000008ac00000| PB 0x000000008ac00000| Complete 
|   1|0x000000008ad00000, 0x000000008ae00000, 0x000000008ae00000|100%|HS|  |TAMS 0x000000008ad00000| PB 0x000000008ad00000| Complete 
|   2|0x000000008ae00000, 0x000000008aefffe8, 0x000000008af00000| 99%| O|  |TAMS 0x000000008ae00000| PB 0x000000008ae00000| Untracked 
|   3|0x000000008af00000, 0x000000008b000000, 0x000000008b000000|100%| O|  |TAMS 0x000000008af00000| PB 0x000000008af00000| Untracked 
|   4|0x000000008b000000, 0x000000008b0ffff8, 0x000000008b100000| 99%| O|  |TAMS 0x000000008b000000| PB 0x000000008b000000| Untracked 
|   5|0x000000008b100000, 0x000000008b1fffe0, 0x000000008b200000| 99%| O|  |TAMS 0x000000008b100000| PB 0x000000008b100000| Untracked 
|   6|0x000000008b200000, 0x000000008b2ffff8, 0x000000008b300000| 99%| O|  |TAMS 0x000000008b200000| PB 0x000000008b200000| Untracked 
|   7|0x000000008b300000, 0x000000008b3fffb8, 0x000000008b400000| 99%| O|  |TAMS 0x000000008b300000| PB 0x000000008b300000| Untracked 
|   8|0x000000008b400000, 0x000000008b500000, 0x000000008b500000|100%| O|  |TAMS 0x000000008b400000| PB 0x000000008b400000| Untracked 
|   9|0x000000008b500000, 0x000000008b5fffc8, 0x000000008b600000| 99%| O|  |TAMS 0x000000008b500000| PB 0x000000008b500000| Untracked 
|  10|0x000000008b600000, 0x000000008b700000, 0x000000008b700000|100%| O|  |TAMS 0x000000008b600000| PB 0x000000008b600000| Untracked 
|  11|0x000000008b700000, 0x000000008b7ffff0, 0x000000008b800000| 99%| O|  |TAMS 0x000000008b700000| PB 0x000000008b700000| Untracked 
|  12|0x000000008b800000, 0x000000008b900000, 0x000000008b900000|100%| O|  |TAMS 0x000000008b800000| PB 0x000000008b800000| Untracked 
|  13|0x000000008b900000, 0x000000008ba00000, 0x000000008ba00000|100%| O|  |TAMS 0x000000008b900000| PB 0x000000008b900000| Untracked 
|  14|0x000000008ba00000, 0x000000008bafffe0, 0x000000008bb00000| 99%| O|  |TAMS 0x000000008ba00000| PB 0x000000008ba00000| Untracked 
|  15|0x000000008bb00000, 0x000000008bbffff8, 0x000000008bc00000| 99%| O|  |TAMS 0x000000008bb00000| PB 0x000000008bb00000| Untracked 
|  16|0x000000008bc00000, 0x000000008bcffff0, 0x000000008bd00000| 99%| O|  |TAMS 0x000000008bc00000| PB 0x000000008bc00000| Untracked 
|  17|0x000000008bd00000, 0x000000008bdfff98, 0x000000008be00000| 99%| O|  |TAMS 0x000000008bd00000| PB 0x000000008bd00000| Untracked 
|  18|0x000000008be00000, 0x000000008befffb8, 0x000000008bf00000| 99%| O|  |TAMS 0x000000008be00000| PB 0x000000008be00000| Untracked 
|  19|0x000000008bf00000, 0x000000008bfffc40, 0x000000008c000000| 99%| O|  |TAMS 0x000000008bf00000| PB 0x000000008bf00000| Untracked 
|  20|0x000000008c000000, 0x000000008c0ffff0, 0x000000008c100000| 99%| O|  |TAMS 0x000000008c000000| PB 0x000000008c000000| Untracked 
|  21|0x000000008c100000, 0x000000008c1fffb0, 0x000000008c200000| 99%| O|  |TAMS 0x000000008c100000| PB 0x000000008c100000| Untracked 
|  22|0x000000008c200000, 0x000000008c2ffd80, 0x000000008c300000| 99%| O|  |TAMS 0x000000008c200000| PB 0x000000008c200000| Untracked 
|  23|0x000000008c300000, 0x000000008c3ffe28, 0x000000008c400000| 99%| O|  |TAMS 0x000000008c300000| PB 0x000000008c300000| Untracked 
|  24|0x000000008c400000, 0x000000008c4ffff0, 0x000000008c500000| 99%| O|  |TAMS 0x000000008c400000| PB 0x000000008c400000| Untracked 
|  25|0x000000008c500000, 0x000000008c5ffff8, 0x000000008c600000| 99%| O|  |TAMS 0x000000008c500000| PB 0x000000008c500000| Untracked 
|  26|0x000000008c600000, 0x000000008c6fffd0, 0x000000008c700000| 99%| O|  |TAMS 0x000000008c600000| PB 0x000000008c600000| Untracked 
|  27|0x000000008c700000, 0x000000008c7fdd38, 0x000000008c800000| 99%| O|  |TAMS 0x000000008c700000| PB 0x000000008c700000| Untracked 
|  28|0x000000008c800000, 0x000000008c89dfe8, 0x000000008c900000| 61%| O|  |TAMS 0x000000008c800000| PB 0x000000008c800000| Untracked 
|  29|0x000000008c900000, 0x000000008c9cbaf0, 0x000000008ca00000| 79%| O|  |TAMS 0x000000008c900000| PB 0x000000008c900000| Untracked 
|  30|0x000000008ca00000, 0x000000008ca14078, 0x000000008cb00000|  7%| O|  |TAMS 0x000000008ca00000| PB 0x000000008ca00000| Untracked 
|  31|0x000000008cb00000, 0x000000008cb34058, 0x000000008cc00000| 20%| O|  |TAMS 0x000000008cb00000| PB 0x000000008cb00000| Untracked 
|  32|0x000000008cc00000, 0x000000008ccfffd8, 0x000000008cd00000| 99%| O|  |TAMS 0x000000008cc00000| PB 0x000000008cc00000| Untracked 
|  33|0x000000008cd00000, 0x000000008cd165c8, 0x000000008ce00000|  8%| O|  |TAMS 0x000000008cd00000| PB 0x000000008cd00000| Untracked 
|  34|0x000000008ce00000, 0x000000008ce00000, 0x000000008cf00000|  0%| F|  |TAMS 0x000000008ce00000| PB 0x000000008ce00000| Untracked 
|  35|0x000000008cf00000, 0x000000008cf00000, 0x000000008d000000|  0%| F|  |TAMS 0x000000008cf00000| PB 0x000000008cf00000| Untracked 
|  36|0x000000008d000000, 0x000000008d000000, 0x000000008d100000|  0%| F|  |TAMS 0x000000008d000000| PB 0x000000008d000000| Untracked 
|  37|0x000000008d100000, 0x000000008d100000, 0x000000008d200000|  0%| F|  |TAMS 0x000000008d100000| PB 0x000000008d100000| Untracked 
|  38|0x000000008d200000, 0x000000008d2056a0, 0x000000008d300000|  2%| O|Cm|TAMS 0x000000008d200000| PB 0x000000008d200000| Complete 
|  39|0x000000008d300000, 0x000000008d300000, 0x000000008d400000|  0%| F|  |TAMS 0x000000008d300000| PB 0x000000008d300000| Untracked 
|  40|0x000000008d400000, 0x000000008d4c3348, 0x000000008d500000| 76%| S|CS|TAMS 0x000000008d400000| PB 0x000000008d400000| Complete 
|  41|0x000000008d500000, 0x000000008d600000, 0x000000008d600000|100%| S|CS|TAMS 0x000000008d500000| PB 0x000000008d500000| Complete 
|  42|0x000000008d600000, 0x000000008d700000, 0x000000008d700000|100%| S|CS|TAMS 0x000000008d600000| PB 0x000000008d600000| Complete 
|  43|0x000000008d700000, 0x000000008d800000, 0x000000008d800000|100%| S|CS|TAMS 0x000000008d700000| PB 0x000000008d700000| Complete 
|  44|0x000000008d800000, 0x000000008d900000, 0x000000008d900000|100%| S|CS|TAMS 0x000000008d800000| PB 0x000000008d800000| Complete 
|  45|0x000000008d900000, 0x000000008d900000, 0x000000008da00000|  0%| F|  |TAMS 0x000000008d900000| PB 0x000000008d900000| Untracked 
|  46|0x000000008da00000, 0x000000008da00000, 0x000000008db00000|  0%| F|  |TAMS 0x000000008da00000| PB 0x000000008da00000| Untracked 
|  47|0x000000008db00000, 0x000000008db00000, 0x000000008dc00000|  0%| F|  |TAMS 0x000000008db00000| PB 0x000000008db00000| Untracked 
|  48|0x000000008dc00000, 0x000000008dc00000, 0x000000008dd00000|  0%| F|  |TAMS 0x000000008dc00000| PB 0x000000008dc00000| Untracked 
|  49|0x000000008dd00000, 0x000000008dd00000, 0x000000008de00000|  0%| F|  |TAMS 0x000000008dd00000| PB 0x000000008dd00000| Untracked 
|  50|0x000000008de00000, 0x000000008de00000, 0x000000008df00000|  0%| F|  |TAMS 0x000000008de00000| PB 0x000000008de00000| Untracked 
|  51|0x000000008df00000, 0x000000008df00000, 0x000000008e000000|  0%| F|  |TAMS 0x000000008df00000| PB 0x000000008df00000| Untracked 
|  52|0x000000008e000000, 0x000000008e000000, 0x000000008e100000|  0%| F|  |TAMS 0x000000008e000000| PB 0x000000008e000000| Untracked 
|  53|0x000000008e100000, 0x000000008e100000, 0x000000008e200000|  0%| F|  |TAMS 0x000000008e100000| PB 0x000000008e100000| Untracked 
|  54|0x000000008e200000, 0x000000008e200000, 0x000000008e300000|  0%| F|  |TAMS 0x000000008e200000| PB 0x000000008e200000| Untracked 
|  55|0x000000008e300000, 0x000000008e300000, 0x000000008e400000|  0%| F|  |TAMS 0x000000008e300000| PB 0x000000008e300000| Untracked 
|  56|0x000000008e400000, 0x000000008e400000, 0x000000008e500000|  0%| F|  |TAMS 0x000000008e400000| PB 0x000000008e400000| Untracked 
|  57|0x000000008e500000, 0x000000008e500000, 0x000000008e600000|  0%| F|  |TAMS 0x000000008e500000| PB 0x000000008e500000| Untracked 
|  58|0x000000008e600000, 0x000000008e600000, 0x000000008e700000|  0%| F|  |TAMS 0x000000008e600000| PB 0x000000008e600000| Untracked 
|  59|0x000000008e700000, 0x000000008e700000, 0x000000008e800000|  0%| F|  |TAMS 0x000000008e700000| PB 0x000000008e700000| Untracked 
|  60|0x000000008e800000, 0x000000008e836690, 0x000000008e900000| 21%| E|  |TAMS 0x000000008e800000| PB 0x000000008e800000| Complete 
|  61|0x000000008e900000, 0x000000008ea00000, 0x000000008ea00000|100%| E|CS|TAMS 0x000000008e900000| PB 0x000000008e900000| Complete 
|  62|0x000000008ea00000, 0x000000008eb00000, 0x000000008eb00000|100%| E|CS|TAMS 0x000000008ea00000| PB 0x000000008ea00000| Complete 
|  63|0x000000008eb00000, 0x000000008ec00000, 0x000000008ec00000|100%| E|CS|TAMS 0x000000008eb00000| PB 0x000000008eb00000| Complete 
|  64|0x000000008ec00000, 0x000000008ed00000, 0x000000008ed00000|100%| E|CS|TAMS 0x000000008ec00000| PB 0x000000008ec00000| Complete 
|  65|0x000000008ed00000, 0x000000008ee00000, 0x000000008ee00000|100%| E|  |TAMS 0x000000008ed00000| PB 0x000000008ed00000| Complete 
|  66|0x000000008ee00000, 0x000000008ef00000, 0x000000008ef00000|100%| E|CS|TAMS 0x000000008ee00000| PB 0x000000008ee00000| Complete 
|  67|0x000000008ef00000, 0x000000008f000000, 0x000000008f000000|100%| E|CS|TAMS 0x000000008ef00000| PB 0x000000008ef00000| Complete 
|  68|0x000000008f000000, 0x000000008f100000, 0x000000008f100000|100%| E|CS|TAMS 0x000000008f000000| PB 0x000000008f000000| Complete 
|  69|0x000000008f100000, 0x000000008f200000, 0x000000008f200000|100%| E|CS|TAMS 0x000000008f100000| PB 0x000000008f100000| Complete 
|  70|0x000000008f200000, 0x000000008f300000, 0x000000008f300000|100%| E|CS|TAMS 0x000000008f200000| PB 0x000000008f200000| Complete 
|  71|0x000000008f300000, 0x000000008f400000, 0x000000008f400000|100%| E|CS|TAMS 0x000000008f300000| PB 0x000000008f300000| Complete 
|  72|0x000000008f400000, 0x000000008f500000, 0x000000008f500000|100%| E|CS|TAMS 0x000000008f400000| PB 0x000000008f400000| Complete 
|  73|0x000000008f500000, 0x000000008f600000, 0x000000008f600000|100%| E|CS|TAMS 0x000000008f500000| PB 0x000000008f500000| Complete 
|  74|0x000000008f600000, 0x000000008f700000, 0x000000008f700000|100%| E|CS|TAMS 0x000000008f600000| PB 0x000000008f600000| Complete 
|  75|0x000000008f700000, 0x000000008f800000, 0x000000008f800000|100%| E|CS|TAMS 0x000000008f700000| PB 0x000000008f700000| Complete 
|  76|0x000000008f800000, 0x000000008f900000, 0x000000008f900000|100%| E|CS|TAMS 0x000000008f800000| PB 0x000000008f800000| Complete 
|  77|0x000000008f900000, 0x000000008fa00000, 0x000000008fa00000|100%| E|CS|TAMS 0x000000008f900000| PB 0x000000008f900000| Complete 
|  78|0x000000008fa00000, 0x000000008fb00000, 0x000000008fb00000|100%| E|CS|TAMS 0x000000008fa00000| PB 0x000000008fa00000| Complete 
|  79|0x000000008fb00000, 0x000000008fc00000, 0x000000008fc00000|100%| E|CS|TAMS 0x000000008fb00000| PB 0x000000008fb00000| Complete 
|  80|0x000000008fc00000, 0x000000008fd00000, 0x000000008fd00000|100%| E|CS|TAMS 0x000000008fc00000| PB 0x000000008fc00000| Complete 
|  81|0x000000008fd00000, 0x000000008fe00000, 0x000000008fe00000|100%| E|CS|TAMS 0x000000008fd00000| PB 0x000000008fd00000| Complete 
|  82|0x000000008fe00000, 0x000000008ff00000, 0x000000008ff00000|100%| E|CS|TAMS 0x000000008fe00000| PB 0x000000008fe00000| Complete 
|  83|0x000000008ff00000, 0x0000000090000000, 0x0000000090000000|100%| E|CS|TAMS 0x000000008ff00000| PB 0x000000008ff00000| Complete 
|  84|0x0000000090000000, 0x0000000090100000, 0x0000000090100000|100%| E|CS|TAMS 0x0000000090000000| PB 0x0000000090000000| Complete 
|  85|0x0000000090100000, 0x0000000090200000, 0x0000000090200000|100%| E|CS|TAMS 0x0000000090100000| PB 0x0000000090100000| Complete 
|  86|0x0000000090200000, 0x0000000090300000, 0x0000000090300000|100%| E|CS|TAMS 0x0000000090200000| PB 0x0000000090200000| Complete 
|  87|0x0000000090300000, 0x0000000090400000, 0x0000000090400000|100%| E|CS|TAMS 0x0000000090300000| PB 0x0000000090300000| Complete 
|  88|0x0000000090400000, 0x0000000090500000, 0x0000000090500000|100%| E|CS|TAMS 0x0000000090400000| PB 0x0000000090400000| Complete 
|  89|0x0000000090500000, 0x0000000090600000, 0x0000000090600000|100%| E|CS|TAMS 0x0000000090500000| PB 0x0000000090500000| Complete 
|  90|0x0000000090600000, 0x0000000090700000, 0x0000000090700000|100%| E|CS|TAMS 0x0000000090600000| PB 0x0000000090600000| Complete 
|  91|0x0000000090700000, 0x0000000090800000, 0x0000000090800000|100%| E|CS|TAMS 0x0000000090700000| PB 0x0000000090700000| Complete 
| 117|0x0000000092100000, 0x0000000092200000, 0x0000000092200000|100%| E|CS|TAMS 0x0000000092100000| PB 0x0000000092100000| Complete 

Card table byte_map: [0x000001707ad70000,0x000001707b120000] _byte_map_base: 0x000001707a91a000

Marking Bits: (CMBitMap*) 0x0000017072026e70
 Bits: [0x000001707b120000, 0x000001707ce70000)

Polling page: 0x000001706ffa0000

Metaspace:

Usage:
  Non-class:     76.08 MB used.
      Class:     11.00 MB used.
       Both:     87.09 MB used.

Virtual space:
  Non-class space:      128.00 MB reserved,      76.44 MB ( 60%) committed,  2 nodes.
      Class space:        1.00 GB reserved,      11.38 MB (  1%) committed,  1 nodes.
             Both:        1.12 GB reserved,      87.81 MB (  8%) committed. 

Chunk freelists:
   Non-Class:  3.54 MB
       Class:  4.52 MB
        Both:  8.06 MB

MaxMetaspaceSize: unlimited
CompressedClassSpaceSize: 1.00 GB
Initial GC threshold: 21.00 MB
Current GC threshold: 145.31 MB
CDS: on
 - commit_granule_bytes: 65536.
 - commit_granule_words: 8192.
 - virtual_space_node_default_size: 8388608.
 - enlarge_chunks_in_place: 1.
 - use_allocation_guard: 0.


Internal statistics:

num_allocs_failed_limit: 9.
num_arena_births: 1114.
num_arena_deaths: 346.
num_vsnodes_births: 3.
num_vsnodes_deaths: 0.
num_space_committed: 1404.
num_space_uncommitted: 0.
num_chunks_returned_to_freelist: 411.
num_chunks_taken_from_freelist: 4651.
num_chunk_merges: 96.
num_chunk_splits: 3080.
num_chunks_enlarged: 2325.
num_inconsistent_stats: 0.

CodeHeap 'non-profiled nmethods': size=120000Kb used=7775Kb max_used=7775Kb free=112224Kb
 bounds [0x0000017007ad0000, 0x0000017008270000, 0x000001700f000000]
CodeHeap 'profiled nmethods': size=120000Kb used=17415Kb max_used=17415Kb free=102585Kb
 bounds [0x0000017000000000, 0x0000017001110000, 0x0000017007530000]
CodeHeap 'non-nmethods': size=5760Kb used=1742Kb max_used=1789Kb free=4017Kb
 bounds [0x0000017007530000, 0x00000170077a0000, 0x0000017007ad0000]
 total_blobs=9144 nmethods=8390 adapters=656
 compilation: enabled
              stopped_count=0, restarted_count=0
 full_count=0

Compilation events (20 events):
Event: 2683.213 Thread 0x000001707fae3e70 15089   !   3       com.mysql.cj.protocol.Security::scramble411 (97 bytes)
Event: 2683.214 Thread 0x000001707fae3e70 nmethod 15089 0x0000017001102990 code [0x0000017001102cc0, 0x0000017001104970]
Event: 2683.215 Thread 0x000001707fae3e70 15090       1       com.mysql.cj.NativeCharsetSettings::doesPlatformDbCharsetMatches (5 bytes)
Event: 2683.215 Thread 0x000001707fae3e70 nmethod 15090 0x0000017008264f90 code [0x0000017008265120, 0x00000170082651f0]
Event: 2686.019 Thread 0x000001707fad3220 15091   !   4       sun.nio.ch.SelectorImpl::processDeregisterQueue (145 bytes)
Event: 2686.024 Thread 0x000001707fad3220 nmethod 15091 0x0000017008265290 code [0x0000017008265500, 0x0000017008265e08]
Event: 2697.101 Thread 0x000001707fad3220 15092   !   4       org.apache.tomcat.util.net.NioEndpoint$Poller::events (275 bytes)
Event: 2697.114 Thread 0x000001707fad3220 nmethod 15092 0x0000017008266410 code [0x00000170082666e0, 0x0000017008266f30]
Event: 2708.116 Thread 0x000001707fad3220 15093       4       java.util.LinkedHashMap::afterNodeRemoval (65 bytes)
Event: 2708.119 Thread 0x000001707fae3e70 15094       3       java.util.concurrent.ScheduledThreadPoolExecutor$ScheduledFutureTask::cancel (38 bytes)
Event: 2708.120 Thread 0x000001707fae3e70 nmethod 15094 0x0000017001105310 code [0x0000017001105500, 0x0000017001105910]
Event: 2708.120 Thread 0x000001707fae3e70 15095   !   3       java.util.concurrent.FutureTask::cancel (88 bytes)
Event: 2708.122 Thread 0x000001707fad3220 nmethod 15093 0x0000017008267790 code [0x0000017008267940, 0x0000017008267e70]
Event: 2708.123 Thread 0x000001707fae3e70 nmethod 15095 0x0000017001105a90 code [0x0000017001105e20, 0x00000170011074a8]
Event: 2708.123 Thread 0x000001707fae3e70 15096       3       java.util.concurrent.ThreadPoolExecutor::remove (17 bytes)
Event: 2708.123 Thread 0x000001707fae3e70 nmethod 15096 0x0000017000f71f10 code [0x0000017000f720c0, 0x0000017000f722e8]
Event: 2708.126 Thread 0x000001707fae3e70 15097       3       java.util.concurrent.ConcurrentHashMap$BaseIterator::remove (37 bytes)
Event: 2708.126 Thread 0x000001707fae3e70 nmethod 15097 0x0000017000bfea10 code [0x0000017000bfebe0, 0x0000017000bfee78]
Event: 2708.126 Thread 0x000001707fae3e70 15098   !   3       java.util.concurrent.ThreadPoolExecutor::tryTerminate (177 bytes)
Event: 2708.130 Thread 0x000001707fae3e70 nmethod 15098 0x0000017001107c10 code [0x00000170011081e0, 0x000001700110afe0]

GC Heap History (20 events):
Event: 1484.372 GC heap after
{Heap after GC invocations=53 (full 5):
 garbage-first heap   total 95232K, used 39517K [0x000000008ac00000, 0x0000000100000000)
  region size 1024K, 2 young (2048K), 2 survivors (2048K)
 Metaspace       used 86827K, committed 87616K, reserved 1179648K
  class space    used 11146K, committed 11520K, reserved 1048576K
}
Event: 1836.281 GC heap before
{Heap before GC invocations=53 (full 5):
 garbage-first heap   total 95232K, used 84573K [0x000000008ac00000, 0x0000000100000000)
  region size 1024K, 46 young (47104K), 2 survivors (2048K)
 Metaspace       used 86843K, committed 87616K, reserved 1179648K
  class space    used 11146K, committed 11520K, reserved 1048576K
}
Event: 1836.283 GC heap after
{Heap after GC invocations=54 (full 5):
 garbage-first heap   total 95232K, used 38785K [0x000000008ac00000, 0x0000000100000000)
  region size 1024K, 2 young (2048K), 2 survivors (2048K)
 Metaspace       used 86843K, committed 87616K, reserved 1179648K
  class space    used 11146K, committed 11520K, reserved 1048576K
}
Event: 2190.054 GC heap before
{Heap before GC invocations=54 (full 5):
 garbage-first heap   total 95232K, used 84865K [0x000000008ac00000, 0x0000000100000000)
  region size 1024K, 47 young (48128K), 2 survivors (2048K)
 Metaspace       used 86848K, committed 87616K, reserved 1179648K
  class space    used 11146K, committed 11520K, reserved 1048576K
}
Event: 2190.062 GC heap after
{Heap after GC invocations=55 (full 5):
 garbage-first heap   total 95232K, used 38764K [0x000000008ac00000, 0x0000000100000000)
  region size 1024K, 2 young (2048K), 2 survivors (2048K)
 Metaspace       used 86848K, committed 87616K, reserved 1179648K
  class space    used 11146K, committed 11520K, reserved 1048576K
}
Event: 2419.226 GC heap before
{Heap before GC invocations=56 (full 5):
 garbage-first heap   total 95232K, used 72556K [0x000000008ac00000, 0x0000000100000000)
  region size 1024K, 36 young (36864K), 2 survivors (2048K)
 Metaspace       used 86637K, committed 87680K, reserved 1179648K
  class space    used 11083K, committed 11520K, reserved 1048576K
}
Event: 2419.271 GC heap after
{Heap after GC invocations=57 (full 6):
 garbage-first heap   total 95232K, used 33049K [0x000000008ac00000, 0x0000000100000000)
  region size 1024K, 0 young (0K), 0 survivors (0K)
 Metaspace       used 86637K, committed 87680K, reserved 1179648K
  class space    used 11083K, committed 11520K, reserved 1048576K
}
Event: 2420.090 GC heap before
{Heap before GC invocations=57 (full 6):
 garbage-first heap   total 95232K, used 85273K [0x000000008ac00000, 0x0000000100000000)
  region size 1024K, 52 young (53248K), 0 survivors (0K)
 Metaspace       used 87100K, committed 87872K, reserved 1179648K
  class space    used 11122K, committed 11520K, reserved 1048576K
}
Event: 2420.095 GC heap after
{Heap after GC invocations=58 (full 6):
 garbage-first heap   total 95232K, used 38296K [0x000000008ac00000, 0x0000000100000000)
  region size 1024K, 6 young (6144K), 6 survivors (6144K)
 Metaspace       used 87100K, committed 87872K, reserved 1179648K
  class space    used 11122K, committed 11520K, reserved 1048576K
}
Event: 2539.341 GC heap before
{Heap before GC invocations=59 (full 6):
 garbage-first heap   total 95232K, used 79256K [0x000000008ac00000, 0x0000000100000000)
  region size 1024K, 46 young (47104K), 6 survivors (6144K)
 Metaspace       used 87495K, committed 88256K, reserved 1179648K
  class space    used 11139K, committed 11584K, reserved 1048576K
}
Event: 2539.345 GC heap after
{Heap after GC invocations=60 (full 6):
 garbage-first heap   total 95232K, used 39116K [0x000000008ac00000, 0x0000000100000000)
  region size 1024K, 3 young (3072K), 3 survivors (3072K)
 Metaspace       used 87495K, committed 88256K, reserved 1179648K
  class space    used 11139K, committed 11584K, reserved 1048576K
}
Event: 2678.700 GC heap before
{Heap before GC invocations=60 (full 6):
 garbage-first heap   total 95232K, used 57548K [0x000000008ac00000, 0x0000000100000000)
  region size 1024K, 22 young (22528K), 3 survivors (3072K)
 Metaspace       used 87514K, committed 88320K, reserved 1179648K
  class space    used 11140K, committed 11584K, reserved 1048576K
}
Event: 2678.743 GC heap after
{Heap after GC invocations=61 (full 7):
 garbage-first heap   total 95232K, used 31212K [0x000000008ac00000, 0x0000000100000000)
  region size 1024K, 0 young (0K), 0 survivors (0K)
 Metaspace       used 87479K, committed 88320K, reserved 1179648K
  class space    used 11130K, committed 11584K, reserved 1048576K
}
Event: 2679.388 GC heap before
{Heap before GC invocations=61 (full 7):
 garbage-first heap   total 95232K, used 82412K [0x000000008ac00000, 0x0000000100000000)
  region size 1024K, 51 young (52224K), 0 survivors (0K)
 Metaspace       used 87861K, committed 88640K, reserved 1179648K
  class space    used 11165K, committed 11584K, reserved 1048576K
}
Event: 2679.393 GC heap after
{Heap after GC invocations=62 (full 7):
 garbage-first heap   total 95232K, used 36738K [0x000000008ac00000, 0x0000000100000000)
  region size 1024K, 6 young (6144K), 6 survivors (6144K)
 Metaspace       used 87861K, committed 88640K, reserved 1179648K
  class space    used 11165K, committed 11584K, reserved 1048576K
}
Event: 2682.187 GC heap before
{Heap before GC invocations=63 (full 7):
 garbage-first heap   total 95232K, used 63362K [0x000000008ac00000, 0x0000000100000000)
  region size 1024K, 33 young (33792K), 6 survivors (6144K)
 Metaspace       used 88335K, committed 89088K, reserved 1179648K
  class space    used 11193K, committed 11584K, reserved 1048576K
}
Event: 2682.227 GC heap after
{Heap after GC invocations=64 (full 8):
 garbage-first heap   total 95232K, used 31530K [0x000000008ac00000, 0x0000000100000000)
  region size 1024K, 0 young (0K), 0 survivors (0K)
 Metaspace       used 88332K, committed 89088K, reserved 1179648K
  class space    used 11193K, committed 11584K, reserved 1048576K
}
Event: 2682.764 GC heap before
{Heap before GC invocations=64 (full 8):
 garbage-first heap   total 95232K, used 79658K [0x000000008ac00000, 0x0000000100000000)
  region size 1024K, 48 young (49152K), 0 survivors (0K)
 Metaspace       used 88639K, committed 89280K, reserved 1179648K
  class space    used 11238K, committed 11584K, reserved 1048576K
}
Event: 2682.768 GC heap after
{Heap after GC invocations=65 (full 8):
 garbage-first heap   total 95232K, used 36407K [0x000000008ac00000, 0x0000000100000000)
  region size 1024K, 5 young (5120K), 5 survivors (5120K)
 Metaspace       used 88639K, committed 89280K, reserved 1179648K
  class space    used 11238K, committed 11584K, reserved 1048576K
}
Event: 2708.130 GC heap before
{Heap before GC invocations=66 (full 8):
 garbage-first heap   total 95232K, used 68151K [0x000000008ac00000, 0x0000000100000000)
  region size 1024K, 38 young (38912K), 5 survivors (5120K)
 Metaspace       used 89179K, committed 89920K, reserved 1179648K
  class space    used 11268K, committed 11648K, reserved 1048576K
}

Dll operation events (11 events):
Event: 0.008 Loaded shared library C:\Program Files\Java\jdk-21\bin\java.dll
Event: 0.039 Loaded shared library C:\Program Files\Java\jdk-21\bin\jsvml.dll
Event: 0.114 Loaded shared library C:\Program Files\Java\jdk-21\bin\net.dll
Event: 0.117 Loaded shared library C:\Program Files\Java\jdk-21\bin\nio.dll
Event: 0.120 Loaded shared library C:\Program Files\Java\jdk-21\bin\zip.dll
Event: 0.223 Loaded shared library C:\Program Files\Java\jdk-21\bin\jimage.dll
Event: 0.464 Loaded shared library C:\Program Files\Java\jdk-21\bin\management.dll
Event: 0.470 Loaded shared library C:\Program Files\Java\jdk-21\bin\management_ext.dll
Event: 1.693 Loaded shared library C:\Program Files\Java\jdk-21\bin\sunmscapi.dll
Event: 4.172 Loaded shared library C:\Program Files\Java\jdk-21\bin\verify.dll
Event: 4.560 Loaded shared library C:\Program Files\Java\jdk-21\bin\extnet.dll

Deoptimization events (20 events):
Event: 2682.874 Thread 0x000001705a65abc0 Uncommon trap: trap_request=0xffffffbe fr.pc=0x0000017008247328 relative=0x00000000000002c8
Event: 2682.874 Thread 0x000001705a65abc0 Uncommon trap: reason=profile_predicate action=maybe_recompile pc=0x0000017008247328 method=java.util.regex.Pattern$BnM.optimize(Ljava/util/regex/Pattern$Node;)Ljava/util/regex/Pattern$Node; @ 67 c2
Event: 2682.874 Thread 0x000001705a65abc0 DEOPT PACKING pc=0x0000017008247328 sp=0x0000003c2ecfbc10
Event: 2682.874 Thread 0x000001705a65abc0 DEOPT UNPACKING pc=0x00000170075846a2 sp=0x0000003c2ecfbbb8 mode 2
Event: 2682.874 Thread 0x000001705a65abc0 Uncommon trap: trap_request=0xffffffbe fr.pc=0x0000017008247328 relative=0x00000000000002c8
Event: 2682.874 Thread 0x000001705a65abc0 Uncommon trap: reason=profile_predicate action=maybe_recompile pc=0x0000017008247328 method=java.util.regex.Pattern$BnM.optimize(Ljava/util/regex/Pattern$Node;)Ljava/util/regex/Pattern$Node; @ 67 c2
Event: 2682.874 Thread 0x000001705a65abc0 DEOPT PACKING pc=0x0000017008247328 sp=0x0000003c2ecfbc10
Event: 2682.874 Thread 0x000001705a65abc0 DEOPT UNPACKING pc=0x00000170075846a2 sp=0x0000003c2ecfbbb8 mode 2
Event: 2682.875 Thread 0x000001705a65abc0 Uncommon trap: trap_request=0xffffffbe fr.pc=0x0000017008247328 relative=0x00000000000002c8
Event: 2682.875 Thread 0x000001705a65abc0 Uncommon trap: reason=profile_predicate action=maybe_recompile pc=0x0000017008247328 method=java.util.regex.Pattern$BnM.optimize(Ljava/util/regex/Pattern$Node;)Ljava/util/regex/Pattern$Node; @ 67 c2
Event: 2682.875 Thread 0x000001705a65abc0 DEOPT PACKING pc=0x0000017008247328 sp=0x0000003c2ecfbc10
Event: 2682.875 Thread 0x000001705a65abc0 DEOPT UNPACKING pc=0x00000170075846a2 sp=0x0000003c2ecfbbb8 mode 2
Event: 2682.884 Thread 0x000001705a65abc0 Uncommon trap: trap_request=0xffffffd6 fr.pc=0x0000017008237604 relative=0x0000000000001b24
Event: 2682.884 Thread 0x000001705a65abc0 Uncommon trap: reason=array_check action=maybe_recompile pc=0x0000017008237604 method=java.util.TimSort.reverseRange([Ljava/lang/Object;II)V @ 20 c2
Event: 2682.885 Thread 0x000001705a65abc0 DEOPT PACKING pc=0x0000017008237604 sp=0x0000003c2ecf8d80
Event: 2682.885 Thread 0x000001705a65abc0 DEOPT UNPACKING pc=0x00000170075846a2 sp=0x0000003c2ecf8c28 mode 2
Event: 2682.905 Thread 0x000001705a65abc0 Uncommon trap: trap_request=0xfffffff4 fr.pc=0x00000170080fb208 relative=0x00000000000004a8
Event: 2682.905 Thread 0x000001705a65abc0 Uncommon trap: reason=null_check action=make_not_entrant pc=0x00000170080fb208 method=java.lang.invoke.LambdaFormEditor.getInCache(Ljava/lang/invoke/LambdaFormEditor$TransformKey;)Ljava/lang/invoke/LambdaForm; @ 157 c2
Event: 2682.905 Thread 0x000001705a65abc0 DEOPT PACKING pc=0x00000170080fb208 sp=0x0000003c2ecfd4f0
Event: 2682.905 Thread 0x000001705a65abc0 DEOPT UNPACKING pc=0x00000170075846a2 sp=0x0000003c2ecfd480 mode 2

Classes loaded (20 events):
Event: 667.960 Loading class sun/net/ConnectionResetException
Event: 667.960 Loading class sun/net/ConnectionResetException done
Event: 668.374 Loading class java/lang/invoke/MethodHandleImpl$CountingWrapper$1
Event: 668.375 Loading class java/lang/invoke/MethodHandleImpl$CountingWrapper$1 done
Event: 895.209 Loading class java/util/ArrayList$SubList$2
Event: 895.216 Loading class java/util/ArrayList$SubList$2 done
Event: 895.228 Loading class java/util/stream/ReferencePipeline$4
Event: 895.228 Loading class java/util/stream/ReferencePipeline$4 done
Event: 895.228 Loading class java/util/function/IntBinaryOperator
Event: 895.228 Loading class java/util/function/IntBinaryOperator done
Event: 895.229 Loading class java/util/stream/ReduceOps$7
Event: 895.229 Loading class java/util/stream/ReduceOps$7 done
Event: 895.229 Loading class java/util/stream/ReduceOps$6ReducingSink
Event: 895.229 Loading class java/util/stream/ReduceOps$6ReducingSink done
Event: 895.229 Loading class java/util/stream/ReferencePipeline$4$1
Event: 895.229 Loading class java/util/stream/ReferencePipeline$4$1 done
Event: 895.234 Loading class java/lang/Throwable$WrappedPrintWriter
Event: 895.235 Loading class java/lang/Throwable$PrintStreamOrWriter
Event: 895.235 Loading class java/lang/Throwable$PrintStreamOrWriter done
Event: 895.235 Loading class java/lang/Throwable$WrappedPrintWriter done

Classes unloaded (20 events):
Event: 2678.711 Thread 0x000001707fab1a00 Unloading class 0x0000017010a28000 'org/apache/catalina/loader/JdbcLeakPrevention'
Event: 2678.711 Thread 0x000001707fab1a00 Unloading class 0x0000017010b1c400 'java/lang/invoke/LambdaForm$MH+0x0000017010b1c400'
Event: 2678.711 Thread 0x000001707fab1a00 Unloading class 0x00000170109a8000 'java/lang/invoke/LambdaForm$MH+0x00000170109a8000'
Event: 2678.711 Thread 0x000001707fab1a00 Unloading class 0x00000170103bc000 'java/lang/invoke/LambdaForm$MH+0x00000170103bc000'
Event: 2678.711 Thread 0x000001707fab1a00 Unloading class 0x0000017010399000 'java/lang/invoke/LambdaForm$MH+0x0000017010399000'
Event: 2678.711 Thread 0x000001707fab1a00 Unloading class 0x0000017010351400 'java/lang/invoke/LambdaForm$MH+0x0000017010351400'
Event: 2678.711 Thread 0x000001707fab1a00 Unloading class 0x0000017010350400 'java/lang/invoke/LambdaForm$MH+0x0000017010350400'
Event: 2678.711 Thread 0x000001707fab1a00 Unloading class 0x0000017010350000 'java/lang/invoke/LambdaForm$MH+0x0000017010350000'
Event: 2678.711 Thread 0x000001707fab1a00 Unloading class 0x0000017010349800 'java/lang/invoke/LambdaForm$MH+0x0000017010349800'
Event: 2678.711 Thread 0x000001707fab1a00 Unloading class 0x0000017010349000 'java/lang/invoke/LambdaForm$MH+0x0000017010349000'
Event: 2678.711 Thread 0x000001707fab1a00 Unloading class 0x00000170100d3000 'java/lang/invoke/LambdaForm$MH+0x00000170100d3000'
Event: 2678.711 Thread 0x000001707fab1a00 Unloading class 0x00000170100d2c00 'java/lang/invoke/LambdaForm$MH+0x00000170100d2c00'
Event: 2678.711 Thread 0x000001707fab1a00 Unloading class 0x00000170100d2400 'java/lang/invoke/LambdaForm$MH+0x00000170100d2400'
Event: 2678.711 Thread 0x000001707fab1a00 Unloading class 0x00000170100d1800 'java/lang/invoke/LambdaForm$MH+0x00000170100d1800'
Event: 2678.711 Thread 0x000001707fab1a00 Unloading class 0x0000017010092c00 'java/lang/invoke/LambdaForm$MH+0x0000017010092c00'
Event: 2678.711 Thread 0x000001707fab1a00 Unloading class 0x0000017010091c00 'java/lang/invoke/LambdaForm$MH+0x0000017010091c00'
Event: 2678.711 Thread 0x000001707fab1a00 Unloading class 0x0000017010091800 'java/lang/invoke/LambdaForm$MH+0x0000017010091800'
Event: 2678.711 Thread 0x000001707fab1a00 Unloading class 0x0000017010091000 'java/lang/invoke/LambdaForm$MH+0x0000017010091000'
Event: 2678.711 Thread 0x000001707fab1a00 Unloading class 0x0000017010090800 'java/lang/invoke/LambdaForm$MH+0x0000017010090800'
Event: 2682.198 Thread 0x000001707fab1a00 Unloading class 0x0000017010101000 'org/apache/catalina/loader/JdbcLeakPrevention'

Classes redefined (0 events):
No events

Internal exceptions (20 events):
Event: 2679.202 Thread 0x0000017059b70110 Implicit null exception at 0x000001700818ab43 to 0x000001700818b0ec
Event: 2679.256 Thread 0x0000017059b70110 Implicit null exception at 0x00000170080b4f4c to 0x00000170080b555c
Event: 2679.300 Thread 0x0000017059b70110 Implicit null exception at 0x00000170080f41cc to 0x00000170080f47dc
Event: 2679.453 Thread 0x0000017059b70110 Exception <a 'java/io/FileNotFoundException'{0x0000000090569b88}> (0x0000000090569b88) 
thrown [s\open\src\hotspot\share\prims\jni.cpp, line 520]
Event: 2679.454 Thread 0x0000017059b70110 Exception <a 'java/io/FileNotFoundException'{0x0000000090573b28}> (0x0000000090573b28) 
thrown [s\open\src\hotspot\share\prims\jni.cpp, line 520]
Event: 2682.187 Thread 0x0000017059b69ea0 Exception <a 'java/lang/InterruptedException'{0x000000008eeb0fe8}: sleep interrupted> (0x000000008eeb0fe8) 
thrown [s\open\src\hotspot\share\prims\jvm.cpp, line 3074]
Event: 2682.235 Thread 0x000001705a65abc0 Exception <a 'sun/nio/fs/WindowsException'{0x0000000092167148}> (0x0000000092167148) 
thrown [s\open\src\hotspot\share\prims\jni.cpp, line 520]
Event: 2682.561 Thread 0x000001705a65abc0 Exception <a 'java/lang/NoClassDefFoundError'{0x000000008edde5e8}: org/flywaydb/core/Flyway> (0x000000008edde5e8) 
thrown [s\open\src\hotspot\share\oops\constantPool.cpp, line 873]
Event: 2682.561 Thread 0x000001705a65abc0 Exception <a 'java/lang/NoClassDefFoundError'{0x000000008eddec48}: liquibase/integration/spring/SpringLiquibase> (0x000000008eddec48) 
thrown [s\open\src\hotspot\share\oops\constantPool.cpp, line 873]
Event: 2682.562 Thread 0x000001705a65abc0 Exception <a 'java/lang/NoClassDefFoundError'{0x000000008edfcd28}: org/jooq/DSLContext> (0x000000008edfcd28) 
thrown [s\open\src\hotspot\share\oops\constantPool.cpp, line 873]
Event: 2682.564 Thread 0x000001705a65abc0 Exception <a 'java/lang/NoClassDefFoundError'{0x000000008ec3eb98}: org/springframework/batch/core/repository/JobRepository> (0x000000008ec3eb98) 
thrown [s\open\src\hotspot\share\oops\constantPool.cpp, line 873]
Event: 2682.564 Thread 0x000001705a65abc0 Exception <a 'java/lang/NoClassDefFoundError'{0x000000008ec3f1f0}: org/quartz/Scheduler> (0x000000008ec3f1f0) 
thrown [s\open\src\hotspot\share\oops\constantPool.cpp, line 873]
Event: 2682.564 Thread 0x000001705a65abc0 Exception <a 'java/lang/NoClassDefFoundError'{0x000000008ec3f870}: org/springframework/session/jdbc/JdbcIndexedSessionRepository> (0x000000008ec3f870) 
thrown [s\open\src\hotspot\share\oops\constantPool.cpp, line 873]
Event: 2682.602 Thread 0x000001705a65abc0 Exception <a 'java/io/FileNotFoundException'{0x000000008e789640}> (0x000000008e789640) 
thrown [s\open\src\hotspot\share\prims\jni.cpp, line 520]
Event: 2682.624 Thread 0x000001705a65abc0 Exception <a 'java/io/FileNotFoundException'{0x000000008e566d90}> (0x000000008e566d90) 
thrown [s\open\src\hotspot\share\prims\jni.cpp, line 520]
Event: 2682.855 Thread 0x000001705a65abc0 Exception <a 'java/io/FileNotFoundException'{0x00000000903bc790}> (0x00000000903bc790) 
thrown [s\open\src\hotspot\share\prims\jni.cpp, line 520]
Event: 2682.855 Thread 0x000001705a65abc0 Exception <a 'java/io/FileNotFoundException'{0x00000000903c6730}> (0x00000000903c6730) 
thrown [s\open\src\hotspot\share\prims\jni.cpp, line 520]
Event: 2682.905 Thread 0x000001705a65abc0 Implicit null exception at 0x00000170080faefc to 0x00000170080fb1f8
Event: 2708.122 Thread 0x0000017059b6ed60 Exception <a 'java/io/IOException'{0x000000008e807d80}> (0x000000008e807d80) 
thrown [s\open\src\hotspot\share\prims\jni.cpp, line 520]
Event: 2708.129 Thread 0x000001705a65b8e0 Exception <a 'java/lang/InterruptedException'{0x000000008e81ae70}: sleep interrupted> (0x000000008e81ae70) 
thrown [s\open\src\hotspot\share\prims\jvm.cpp, line 3074]

ZGC Phase Switch (0 events):
No events

VM Operations (20 events):
Event: 2679.427 Executing VM operation: G1PauseRemark done
Event: 2679.434 Executing VM operation: G1PauseCleanup
Event: 2679.434 Executing VM operation: G1PauseCleanup done
Event: 2680.438 Executing VM operation: Cleanup
Event: 2680.438 Executing VM operation: Cleanup done
Event: 2682.187 Executing VM operation: G1CollectFull (System.gc())
Event: 2682.227 Executing VM operation: G1CollectFull (System.gc()) done
Event: 2682.764 Executing VM operation: G1CollectForAllocation (G1 Evacuation Pause)
Event: 2682.768 Executing VM operation: G1CollectForAllocation (G1 Evacuation Pause) done
Event: 2682.791 Executing VM operation: G1PauseRemark
Event: 2682.796 Executing VM operation: G1PauseRemark done
Event: 2682.803 Executing VM operation: G1PauseCleanup
Event: 2682.804 Executing VM operation: G1PauseCleanup done
Event: 2683.812 Executing VM operation: Cleanup
Event: 2683.812 Executing VM operation: Cleanup done
Event: 2705.734 Executing VM operation: HandshakeAllThreads (HandshakeForDeflation)
Event: 2705.734 Executing VM operation: HandshakeAllThreads (HandshakeForDeflation) done
Event: 2705.734 Executing VM operation: RendezvousGCThreads
Event: 2705.734 Executing VM operation: RendezvousGCThreads done
Event: 2708.130 Executing VM operation: G1CollectFull (System.gc())

Events (20 events):
Event: 2708.108 Thread 0x0000017059b6bf70 Thread added: 0x0000017059b6bf70
Event: 2708.113 Thread 0x0000017059b69ea0 Thread exited: 0x0000017059b69ea0
Event: 2708.114 Thread 0x0000017059b6bf70 Thread exited: 0x0000017059b6bf70
Event: 2708.114 Thread 0x0000017059b6c600 Thread exited: 0x0000017059b6c600
Event: 2708.115 Thread 0x000001705a65bf70 Thread exited: 0x000001705a65bf70
Event: 2708.115 Thread 0x000001705a65d320 Thread exited: 0x000001705a65d320
Event: 2708.115 Thread 0x0000017059b70110 Thread exited: 0x0000017059b70110
Event: 2708.115 Thread 0x0000017059b6ed60 Thread exited: 0x0000017059b6ed60
Event: 2708.115 Thread 0x000001705a65cc90 Thread exited: 0x000001705a65cc90
Event: 2708.115 Thread 0x000001705a65e6d0 Thread exited: 0x000001705a65e6d0
Event: 2708.115 Thread 0x000001705a660e30 Thread exited: 0x000001705a660e30
Event: 2708.115 Thread 0x000001705a65f3f0 Thread exited: 0x000001705a65f3f0
Event: 2708.115 Thread 0x000001705a65b250 Thread exited: 0x000001705a65b250
Event: 2708.115 Thread 0x000001705a65ed60 Thread exited: 0x000001705a65ed60
Event: 2708.119 Thread 0x0000017059b6ed60 Thread added: 0x0000017059b6ed60
Event: 2708.120 Thread 0x000001705a65fa80 Thread exited: 0x000001705a65fa80
Event: 2708.124 Thread 0x0000017059b6ed60 Thread exited: 0x0000017059b6ed60
Event: 2708.129 Thread 0x000001705a660110 Thread exited: 0x000001705a660110
Event: 2708.129 Thread 0x000001705a6621e0 Thread exited: 0x000001705a6621e0
Event: 2708.129 Thread 0x000001705a65b8e0 Thread exited: 0x000001705a65b8e0


Dynamic libraries:
0x00007ff7e16f0000 - 0x00007ff7e1700000 	C:\Program Files\Java\jdk-21\bin\java.exe
0x00007ffb3d6c0000 - 0x00007ffb3d8c9000 	C:\windows\SYSTEM32\ntdll.dll
0x00007ffb3ccb0000 - 0x00007ffb3cd6d000 	C:\windows\System32\KERNEL32.DLL
0x00007ffb3ad10000 - 0x00007ffb3b094000 	C:\windows\System32\KERNELBASE.dll
0x00007ffb3abf0000 - 0x00007ffb3ad01000 	C:\windows\System32\ucrtbase.dll
0x00007ffb35ca0000 - 0x00007ffb35cbb000 	C:\Program Files\Java\jdk-21\bin\VCRUNTIME140.dll
0x00007ffb36910000 - 0x00007ffb36929000 	C:\Program Files\Java\jdk-21\bin\jli.dll
0x00007ffb3ced0000 - 0x00007ffb3cf7e000 	C:\windows\System32\ADVAPI32.dll
0x00007ffb3c2c0000 - 0x00007ffb3c363000 	C:\windows\System32\msvcrt.dll
0x00007ffb3b890000 - 0x00007ffb3b92e000 	C:\windows\System32\sechost.dll
0x00007ffb3c730000 - 0x00007ffb3c851000 	C:\windows\System32\RPCRT4.dll
0x00007ffb3caa0000 - 0x00007ffb3cc4d000 	C:\windows\System32\USER32.dll
0x00007ffb3b470000 - 0x00007ffb3b496000 	C:\windows\System32\win32u.dll
0x00007ffb3ca00000 - 0x00007ffb3ca2a000 	C:\windows\System32\GDI32.dll
0x00007ffb26050000 - 0x00007ffb262f5000 	C:\windows\WinSxS\amd64_microsoft.windows.common-controls_6595b64144ccf1df_6.0.22000.120_none_9d947278b86cc467\COMCTL32.dll
0x00007ffb3b210000 - 0x00007ffb3b32e000 	C:\windows\System32\gdi32full.dll
0x00007ffb3ab50000 - 0x00007ffb3abed000 	C:\windows\System32\msvcp_win.dll
0x00007ffb33e40000 - 0x00007ffb33e4a000 	C:\windows\SYSTEM32\VERSION.dll
0x00007ffb3d630000 - 0x00007ffb3d661000 	C:\windows\System32\IMM32.DLL
0x00007ffb36900000 - 0x00007ffb3690c000 	C:\Program Files\Java\jdk-21\bin\vcruntime140_1.dll
0x00007ffb19710000 - 0x00007ffb1979e000 	C:\Program Files\Java\jdk-21\bin\msvcp140.dll
0x00007ffad73f0000 - 0x00007ffad810a000 	C:\Program Files\Java\jdk-21\bin\server\jvm.dll
0x00007ffb3ce60000 - 0x00007ffb3cecf000 	C:\windows\System32\WS2_32.dll
0x00007ffb3a200000 - 0x00007ffb3a24d000 	C:\windows\SYSTEM32\POWRPROF.dll
0x00007ffb336a0000 - 0x00007ffb336d3000 	C:\windows\SYSTEM32\WINMM.dll
0x00007ffb3a1b0000 - 0x00007ffb3a1c3000 	C:\windows\SYSTEM32\UMPDC.dll
0x00007ffb39c30000 - 0x00007ffb39c48000 	C:\windows\SYSTEM32\kernel.appcore.dll
0x00007ffb35c90000 - 0x00007ffb35c9a000 	C:\Program Files\Java\jdk-21\bin\jimage.dll
0x00007ffb2f6b0000 - 0x00007ffb2f8d1000 	C:\windows\SYSTEM32\DBGHELP.DLL
0x00007ffb25600000 - 0x00007ffb25631000 	C:\windows\SYSTEM32\dbgcore.DLL
0x00007ffb3b330000 - 0x00007ffb3b3af000 	C:\windows\System32\bcryptPrimitives.dll
0x00007ffb34400000 - 0x00007ffb3441f000 	C:\Program Files\Java\jdk-21\bin\java.dll
0x00007ffb3baf0000 - 0x00007ffb3c2b5000 	C:\windows\System32\SHELL32.dll
0x00007ffb38c20000 - 0x00007ffb39482000 	C:\windows\SYSTEM32\windows.storage.dll
0x00007ffb3b510000 - 0x00007ffb3b886000 	C:\windows\System32\combase.dll
0x00007ffb38ab0000 - 0x00007ffb38c17000 	C:\windows\SYSTEM32\wintypes.dll
0x00007ffb3cd70000 - 0x00007ffb3ce5a000 	C:\windows\System32\SHCORE.dll
0x00007ffb3c880000 - 0x00007ffb3c8dd000 	C:\windows\System32\shlwapi.dll
0x00007ffb3aa80000 - 0x00007ffb3aaa5000 	C:\windows\SYSTEM32\profapi.dll
0x00007ffb09020000 - 0x00007ffb090f7000 	C:\Program Files\Java\jdk-21\bin\jsvml.dll
0x00007ffb336e0000 - 0x00007ffb336f0000 	C:\Program Files\Java\jdk-21\bin\net.dll
0x00007ffb356f0000 - 0x00007ffb35804000 	C:\windows\SYSTEM32\WINHTTP.dll
0x00007ffb3a0e0000 - 0x00007ffb3a147000 	C:\windows\system32\mswsock.dll
0x00007ffb27870000 - 0x00007ffb27886000 	C:\Program Files\Java\jdk-21\bin\nio.dll
0x00007ffb276f0000 - 0x00007ffb27708000 	C:\Program Files\Java\jdk-21\bin\zip.dll
0x00007ffb32350000 - 0x00007ffb3235a000 	C:\Program Files\Java\jdk-21\bin\management.dll
0x00007ffb276e0000 - 0x00007ffb276eb000 	C:\Program Files\Java\jdk-21\bin\management_ext.dll
0x00007ffb3cf80000 - 0x00007ffb3cf88000 	C:\windows\System32\PSAPI.DLL
0x00007ffb276d0000 - 0x00007ffb276de000 	C:\Program Files\Java\jdk-21\bin\sunmscapi.dll
0x00007ffb3b0a0000 - 0x00007ffb3b202000 	C:\windows\System32\CRYPT32.dll
0x00007ffb3a4f0000 - 0x00007ffb3a518000 	C:\windows\SYSTEM32\ncrypt.dll
0x00007ffb3a4b0000 - 0x00007ffb3a4e7000 	C:\windows\SYSTEM32\NTASN1.dll
0x00007ffb3a3a0000 - 0x00007ffb3a3b8000 	C:\windows\SYSTEM32\CRYPTSP.dll
0x00007ffb39b90000 - 0x00007ffb39bc5000 	C:\windows\system32\rsaenh.dll
0x00007ffb3a250000 - 0x00007ffb3a27c000 	C:\windows\SYSTEM32\USERENV.dll
0x00007ffb3a520000 - 0x00007ffb3a547000 	C:\windows\SYSTEM32\bcrypt.dll
0x00007ffb3a3c0000 - 0x00007ffb3a3cc000 	C:\windows\SYSTEM32\CRYPTBASE.dll
0x00007ffb396e0000 - 0x00007ffb3970d000 	C:\windows\SYSTEM32\IPHLPAPI.DLL
0x00007ffb3c690000 - 0x00007ffb3c699000 	C:\windows\System32\NSI.dll
0x00007ffb196e0000 - 0x00007ffb196f0000 	C:\Program Files\Java\jdk-21\bin\verify.dll
0x00007ffb39750000 - 0x00007ffb39837000 	C:\windows\SYSTEM32\DNSAPI.dll
0x00007ffb2f680000 - 0x00007ffb2f68a000 	C:\Windows\System32\rasadhlp.dll
0x00007ffb33270000 - 0x00007ffb332f1000 	C:\windows\System32\fwpuclnt.dll
0x00007ffb276c0000 - 0x00007ffb276c9000 	C:\Program Files\Java\jdk-21\bin\extnet.dll
0x00007ffb0c0b0000 - 0x00007ffb0c0b8000 	C:\windows\system32\wshunix.dll
0x00007ffb210e0000 - 0x00007ffb210f7000 	C:\windows\system32\napinsp.dll
0x00007ffb210c0000 - 0x00007ffb210db000 	C:\windows\system32\pnrpnsp.dll
0x00007ffb210a0000 - 0x00007ffb210b2000 	C:\windows\System32\winrnr.dll
0x00007ffb20e40000 - 0x00007ffb20e55000 	C:\windows\system32\wshbth.dll
0x00007ffb20e20000 - 0x00007ffb20e3f000 	C:\windows\system32\nlansp_c.dll

dbghelp: loaded successfully - version: 4.0.5 - missing functions: none
symbol engine: initialized successfully - sym options: 0x614 - pdb path: .;C:\Program Files\Java\jdk-21\bin;C:\windows\SYSTEM32;C:\windows\WinSxS\amd64_microsoft.windows.common-controls_6595b64144ccf1df_6.0.22000.120_none_9d947278b86cc467;C:\Program Files\Java\jdk-21\bin\server

VM Arguments:
jvm_args: -XX:+ShowCodeDetailsInExceptionMessages 
java_command: com.recruit.springboot.RecruitmentWebPortal.RecruitmentWebPortalApplication
java_class_path (initial): C:\Users\amuly\Downloads\RecruitmentWebPortal\RecruitmentWebPortal\target\classes;C:\Users\amuly\.m2\repository\org\springframework\boot\spring-boot-starter-data-jpa\3.5.4-SNAPSHOT\spring-boot-starter-data-jpa-3.5.4-SNAPSHOT.jar;C:\Users\amuly\.m2\repository\org\springframework\boot\spring-boot-starter\3.5.4-SNAPSHOT\spring-boot-starter-3.5.4-SNAPSHOT.jar;C:\Users\amuly\.m2\repository\org\springframework\boot\spring-boot-starter-logging\3.5.4-SNAPSHOT\spring-boot-starter-logging-3.5.4-SNAPSHOT.jar;C:\Users\amuly\.m2\repository\ch\qos\logback\logback-classic\1.5.18\logback-classic-1.5.18.jar;C:\Users\amuly\.m2\repository\ch\qos\logback\logback-core\1.5.18\logback-core-1.5.18.jar;C:\Users\amuly\.m2\repository\org\apache\logging\log4j\log4j-to-slf4j\2.24.3\log4j-to-slf4j-2.24.3.jar;C:\Users\amuly\.m2\repository\org\apache\logging\log4j\log4j-api\2.24.3\log4j-api-2.24.3.jar;C:\Users\amuly\.m2\repository\org\slf4j\jul-to-slf4j\2.0.17\jul-to-slf4j-2.0.17.jar;C:\Users\amuly\.m2\repository\jakarta\annotation\jakarta.annotation-api\2.1.1\jakarta.annotation-api-2.1.1.jar;C:\Users\amuly\.m2\repository\org\yaml\snakeyaml\2.4\snakeyaml-2.4.jar;C:\Users\amuly\.m2\repository\org\springframework\boot\spring-boot-starter-jdbc\3.5.4-SNAPSHOT\spring-boot-starter-jdbc-3.5.4-SNAPSHOT.jar;C:\Users\amuly\.m2\repository\com\zaxxer\HikariCP\6.3.0\HikariCP-6.3.0.jar;C:\Users\amuly\.m2\repository\org\springframework\spring-jdbc\6.2.9-SNAPSHOT\spring-jdbc-6.2.9-SNAPSHOT.jar;C:\Users\amuly\.m2\repository\org\hibernate\orm\hibernate-core\6.6.20.Final\hibernate-core-6.6.20.Final.jar;C:\Users\amuly\.m2\repository\jakarta\persistence\jakarta.persistence-api\3.1.0\jakarta.persistence-api-3.1.0.jar;C:\Users\amuly\.m2\repository\jakarta\transaction\jakarta.transaction-api\2.0.1\jakarta.transaction-api-2.0.1.jar;C:\Users\amuly\.m2\repository\org\jboss\logging\jboss-logging\3.6.1.Final\jboss-logging-3.6.1.Final.jar;C:\Users\amuly\.m2\repository\org\hibernate\common\hibernate-commons-annotations\7.0.3.Final\hibernate-commons-annotations-7.0.3.Final.jar;C:\Users\amuly\.m2\repository\io\smallrye\jandex\3.2.0\jandex-3.2.0.jar;C:\Users\amuly\.m2\repository\com\fasterxml\classmate\1.7.0\classmate-1.7.0.jar;C:\Users\amuly\.m2\repository\net\bytebuddy\byte-buddy\1.17.6\byte-buddy-1.17.6.jar;C:\Users\amuly\.m2\repository\org\glassfish\jaxb\jaxb-runtime\4.0.5\jaxb-runtime-4.0.5.jar;C:\Users\amuly\.m2\repository\org\glassfish\jaxb\jaxb-core\4.0.5\jaxb-core-4.0.5.jar;C:\Users\amuly\.m2\repository\org\glassfish\jaxb\txw2\4.0.5\txw2-4.0.5.jar;C:\Users\amuly\.m2\repository\com\sun\istack\istack-commons-runtime\4.1.2\istack-commons-runtime-4.1.2.jar;C:\Users\amuly\.m2\repository\jakarta\inject\jakarta.inject-api\2.0.1\jakarta.inject-api-2.0.1.jar;C:\Users\amuly\.m2\repository\org\antlr\antlr4-runtime\4.13.0\antlr4-runtime-4.13.0.jar;C:\Users\amuly\.m2\repository\org\springframework\data\spring-data-jpa\3.5.2-SNAPSHOT\spring-data-jpa-3.5.2-SNAPSHOT.jar;C:\Users\amuly\.m2\repository\org\springframework\data\spring-data-commons\3.5.2-SNAPSHOT\spring-data-commons-3.5.2-SNAPSHOT.jar;C:\Users\amuly\.m2\repository\org\springframework\spring-orm\6.2.9-SNAPSHOT\spring-orm-6.2.9-SNAPSHOT.jar;C:\Users\amuly\.m2\repository\org\springframework\spring-context\6.2.9-SNAPSHOT\spring-context-6.2.9-SNAPSHOT.jar;C:\Users\amuly\.m2\repository\org\springframework\spring-tx\6.2.9-SNAPSHOT\spring-tx-6.2.9-SNAPSHOT.jar;C:\Users\amuly\.m2\repository\org\springframework\spring-beans\6.2.9-SNAPSHOT\spring-beans-6.2.9-SNAPSHOT.jar;C:\Users\amuly\.m2\repository\org\slf4j\slf4j-api\2.0.17\slf4j-api-2.0.17.jar;C:\Users\amuly\.m2\repository\org\springframework\spring-aspects\6.2.9-SNAPSHOT\spring-aspects-6.2.9-SNAPSHOT.jar;C:\Users\amuly\.m2\repository\org\aspectj\aspectjweaver\1.9.24\aspectjweaver-1.9.24.jar;C:\Users\amuly\.m2\repository\org\springframework\boot\spring-boot-starter-mail\3.5.4-SNAPSHOT\spring-boot-starter-mail-3.5.4-SNAPSHOT.jar;C:\Users\amuly\.m2\repository\org\springframework\spring-context-support\6.2.9-SNAPSHOT\spring-context-support-6.2.9-SNAPSHOT.jar;C:\Users\amuly\.m2\repository\org\eclipse\angus\jakarta.mail\2.0.3\jakarta.mail-2.0.3.jar;C:\Users\amuly\.m2\repository\jakarta\activation\jakarta.activation-api\2.1.3\jakarta.activation-api-2.1.3.jar;C:\Users\amuly\.m2\repository\org\eclipse\angus\angus-activation\2.0.2\angus-activation-2.0.2.jar;C:\Users\amuly\.m2\repository\org\springframework\boot\spring-boot-starter-security\3.5.4-SNAPSHOT\spring-boot-starter-security-3.5.4-SNAPSHOT.jar;C:\Users\amuly\.m2\repository\org\springframework\spring-aop\6.2.9-SNAPSHOT\spring-aop-6.2.9-SNAPSHOT.jar;C:\Users\amuly\.m2\repository\org\springframework\security\spring-security-config\6.5.1\spring-security-config-6.5.1.jar;C:\Users\amuly\.m2\repository\org\springframework\security\spring-security-web\6.5.1\spring-security-web-6.5.1.jar;C:\Users\amuly\.m2\repository\org\springframework\spring-expression\6.2.9-SNAPSHOT\spring-expression-6.2.9-SNAPSHOT.jar;C:\Users\amuly\.m2\repository\org\springframework\boot\spring-boot-starter-validation\3.5.4-SNAPSHOT\spring-boot-starter-validation-3.5.4-SNAPSHOT.jar;C:\Users\amuly\.m2\repository\org\apache\tomcat\embed\tomcat-embed-el\10.1.43\tomcat-embed-el-10.1.43.jar;C:\Users\amuly\.m2\repository\org\hibernate\validator\hibernate-validator\8.0.2.Final\hibernate-validator-8.0.2.Final.jar;C:\Users\amuly\.m2\repository\jakarta\validation\jakarta.validation-api\3.0.2\jakarta.validation-api-3.0.2.jar;C:\Users\amuly\.m2\repository\org\springframework\boot\spring-boot-starter-web\3.5.4-SNAPSHOT\spring-boot-starter-web-3.5.4-SNAPSHOT.jar;C:\Users\amuly\.m2\repository\org\springframework\boot\spring-boot-starter-json\3.5.4-SNAPSHOT\spring-boot-starter-json-3.5.4-SNAPSHOT.jar;C:\Users\amuly\.m2\repository\com\fasterxml\jackson\core\jackson-databind\2.19.1\jackson-databind-2.19.1.jar;C:\Users\amuly\.m2\repository\com\fasterxml\jackson\core\jackson-annotations\2.19.1\jackson-annotations-2.19.1.jar;C:\Users\amuly\.m2\repository\com\fasterxml\jackson\core\jackson-core\2.19.1\jackson-core-2.19.1.jar;C:\Users\amuly\.m2\repository\com\fasterxml\jackson\datatype\jackson-datatype-jdk8\2.19.1\jackson-datatype-jdk8-2.19.1.jar;C:\Users\amuly\.m2\repository\com\fasterxml\jackson\datatype\jackson-datatype-jsr310\2.19.1\jackson-datatype-jsr310-2.19.1.jar;C:\Users\amuly\.m2\repository\com\fasterxml\jackson\module\jackson-module-parameter-names\2.19.1\jackson-module-parameter-names-2.19.1.jar;C:\Users\amuly\.m2\repository\org\springframework\boot\spring-boot-starter-tomcat\3.5.4-SNAPSHOT\spring-boot-starter-tomcat-3.5.4-SNAPSHOT.jar;C:\Users\amuly\.m2\repository\org\apache\tomcat\embed\tomcat-embed-core\10.1.43\tomcat-embed-core-10.1.43.jar;C:\Users\amuly\.m2\repository\org\apache\tomcat\embed\tomcat-embed-websocket\10.1.43\tomcat-embed-websocket-10.1.43.jar;C:\Users\amuly\.m2\repository\org\springframework\spring-web\6.2.9-SNAPSHOT\spring-web-6.2.9-SNAPSHOT.jar;C:\Users\amuly\.m2\repository\io\micrometer\micrometer-observation\1.15.2-SNAPSHOT\micrometer-observation-1.15.2-SNAPSHOT.jar;C:\Users\amuly\.m2\repository\io\micrometer\micrometer-commons\1.15.2-SNAPSHOT\micrometer-commons-1.15.2-SNAPSHOT.jar;C:\Users\amuly\.m2\repository\org\springframework\spring-webmvc\6.2.9-SNAPSHOT\spring-webmvc-6.2.9-SNAPSHOT.jar;C:\Users\amuly\.m2\repository\org\springframework\boot\spring-boot-devtools\3.5.4-SNAPSHOT\spring-boot-devtools-3.5.4-SNAPSHOT.jar;C:\Users\amuly\.m2\repository\org\springframework\boot\spring-boot\3.5.4-SNAPSHOT\spring-boot-3.5.4-SNAPSHOT.jar;C:\Users\amuly\.m2\repository\org\springframework\boot\spring-boot-autoconfigure\3.5.4-SNAPSHOT\spring-boot-autoconfigure-3.5.4-SNAPSHOT.jar;C:\Users\amuly\.m2\repository\com\mysql\mysql-connector-j\9.3.0\mysql-connector-j-9.3.0.jar;C:\Users\amuly\.m2\repository\jakarta\xml\bind\jakarta.xml.bind-api\4.0.2\jakarta.xml.bind-api-4.0.2.jar;C:\Users\amuly\.m2\repository\org\springframework\spring-core\6.2.9-SNAPSHOT\spring-core-6.2.9-SNAPSHOT.jar;C:\Users\amuly\.m2\repository\org\springframework\spring-jcl\6.2.9-SNAPSHOT\spring-jcl-6.2.9-SNAPSHOT.jar;C:\Users\amuly\.m2\repository\org\springframework\security\spring-security-core\6.5.1\spring-security-core-6.5.1.jar;C:\Users\amuly\.m2\repository\org\springframework\security\spring-security-crypto\6.5.1\spring-security-crypto-6.5.1.jar
Launcher Type: SUN_STANDARD

[Global flags]
     intx CICompilerCount                          = 4                                         {product} {ergonomic}
     uint ConcGCThreads                            = 3                                         {product} {ergonomic}
     uint G1ConcRefinementThreads                  = 10                                        {product} {ergonomic}
   size_t G1HeapRegionSize                         = 1048576                                   {product} {ergonomic}
    uintx GCDrainStackTargetSize                   = 64                                        {product} {ergonomic}
   size_t InitialHeapSize                          = 123731968                                 {product} {ergonomic}
   size_t MarkStackSize                            = 4194304                                   {product} {ergonomic}
   size_t MaxHeapSize                              = 1967128576                                {product} {ergonomic}
   size_t MaxNewSize                               = 1179648000                                {product} {ergonomic}
   size_t MinHeapDeltaBytes                        = 1048576                                   {product} {ergonomic}
   size_t MinHeapSize                              = 8388608                                   {product} {ergonomic}
    uintx NonNMethodCodeHeapSize                   = 5839372                                {pd product} {ergonomic}
    uintx NonProfiledCodeHeapSize                  = 122909434                              {pd product} {ergonomic}
    uintx ProfiledCodeHeapSize                     = 122909434                              {pd product} {ergonomic}
    uintx ReservedCodeCacheSize                    = 251658240                              {pd product} {ergonomic}
     bool SegmentedCodeCache                       = true                                      {product} {ergonomic}
     bool ShowCodeDetailsInExceptionMessages       = true                                   {manageable} {command line}
   size_t SoftMaxHeapSize                          = 1967128576                             {manageable} {ergonomic}
     bool UseCompressedOops                        = true                           {product lp64_product} {ergonomic}
     bool UseG1GC                                  = true                                      {product} {ergonomic}
     bool UseLargePagesIndividualAllocation        = false                                  {pd product} {ergonomic}

Logging:
Log output configuration:
 #0: stdout all=warning uptime,level,tags foldmultilines=false
 #1: stderr all=off uptime,level,tags foldmultilines=false

Environment Variables:
PATH=C:\Program Files\Common Files\Oracle\Java\javapath;D:\oracle\product\10.2.0\db_3\bin;D:\oracle\product\10.2.0\db_2\bin;D:\oracle\product\10.2.0\db_1\bin;D:\oracle\product\10.2.0\db_4\bin;C:\windows\system32;C:\windows;C:\windows\System32\Wbem;C:\windows\System32\WindowsPowerShell\v1.0\;C:\windows\System32\OpenSSH\;C:\Program Files\Java\jdk-18.0.1\bin;C:\Program Files (x86)\GnuWin32\bin;C:\Program Files (x86)\Embarcadero\Dev-Cpp\TDM-GCC-64\bin;C:\Program Files (x86)\Embarcadero\Dev-Cpp\TDM-GCC-64\x86_64-w64-mingw32\bin;C:\Program Files\Git\cmd;C:\php-8.2.28;C:\Program Files\MySQL\MySQL Server 8.0\bin;C:\Program Files\SQL Anywhere 17\bin64;C:\Program Files\SQL Anywhere 17\bin32;C:\Program Files\nodejs\;C:\Program Files\Java\jdk-21\bin;C:\Users\amuly\Downloads\apache-maven-3.9.10-bin\apache-maven-3.9.10\bin;C:\Program Files\MySQL\MySQL Shell 8.0\bin\;C:\Users\amuly\AppData\Local\Programs\Python\Python311\Scripts\;C:\Users\amuly\AppData\Local\Programs\Python\Python311\;C:\Users\amuly\AppData\Local\Microsoft\WindowsApps;C:\Users\amuly\AppData\Local\Programs\Microsoft VS Code\bin;C:\Program Files\MySQL\MySQL Server 8.0\bin;C:\Users\amuly\AppData\Roaming\npm;C:\Users\amuly\AppData\Local\Programs\cursor\resources\app\bin
USERNAME=amuly
LANG=en_US.UTF-8
OS=Windows_NT
PROCESSOR_IDENTIFIER=AMD64 Family 23 Model 104 Stepping 1, AuthenticAMD
TMP=C:\Users\amuly\AppData\Local\Temp
TEMP=C:\Users\amuly\AppData\Local\Temp




Periodic native trim disabled

---------------  S Y S T E M  ---------------

OS:
 Windows 11 , 64 bit Build 22000 (10.0.22000.2538)
OS uptime: 0 days 1:03 hours

CPU: total 12 (initial active 12) (12 cores per cpu, 2 threads per core) family 23 model 104 stepping 1 microcode 0x0, cx8, cmov, fxsr, ht, mmx, 3dnowpref, sse, sse2, sse3, ssse3, sse4a, sse4.1, sse4.2, popcnt, lzcnt, tsc, tscinvbit, avx, avx2, aes, clmul, bmi1, bmi2, adx, sha, fma, vzeroupper, clflush, clflushopt, rdtscp, rdpid, f16c
Processor Information for all 12 processors :
  Max Mhz: 2100, Current Mhz: 2100, Mhz Limit: 2100

Memory: 4k page, system-wide physical 7501M (432M free)
TotalPageFile size 13753M (AvailPageFile size 5M)
current process WorkingSet (physical memory assigned to process): 314M, peak: 327M
current process commit charge ("private bytes"): 379M, peak: 401M

vm_info: Java HotSpot(TM) 64-Bit Server VM (21.0.7+8-LTS-245) for windows-amd64 JRE (21.0.7+8-LTS-245), built on 2025-02-21T05:11:27Z by "mach5one" with MS VC++ 17.6 (VS2022)

END.
