#
# There is insufficient memory for the Java Runtime Environment to continue.
# Native memory allocation (malloc) failed to allocate 691456 bytes for Chunk::new
# Possible reasons:
#   The system is out of physical RAM or swap space
#   The process is running with CompressedOops enabled, and the Java Heap may be blocking the growth of the native heap
# Possible solutions:
#   Reduce memory load on the system
#   Increase physical memory or swap space
#   Check if swap backing store is full
#   Decrease Java heap size (-Xmx/-Xms)
#   Decrease number of Java threads
#   Decrease Java thread stack sizes (-Xss)
#   Set larger code cache with -XX:ReservedCodeCacheSize=
#   JVM is running with Unscaled Compressed Oops mode in which the Java heap is
#     placed in the first 4GB address space. The Java Heap base address is the
#     maximum limit for the native heap growth. Please use -XX:HeapBaseMinAddress
#     to set the Java Heap base and to place the Java Heap above 4GB virtual address.
# This output file may be truncated or incomplete.
#
#  Out of Memory Error (arena.cpp:168), pid=15172, tid=21672
#
# JRE version: Java(TM) SE Runtime Environment (21.0.7+8) (build 21.0.7+8-LTS-245)
# Java VM: Java HotSpot(TM) 64-Bit Server VM (21.0.7+8-LTS-245, mixed mode, sharing, tiered, compressed oops, compressed class ptrs, g1 gc, windows-amd64)
# No core dump will be written. Minidumps are not enabled by default on client versions of Windows
#

---------------  S U M M A R Y ------------

Command Line: -XX:+ShowCodeDetailsInExceptionMessages com.recruit.springboot.RecruitmentWebPortal.RecruitmentWebPortalApplication

Host: AMD Ryzen 5 5500U with Radeon Graphics         , 12 cores, 7G,  Windows 11 , 64 bit Build 22000 (10.0.22000.2538)
Time: Tue Jul 15 09:51:09 2025 India Standard Time elapsed time: 419.727231 seconds (0d 0h 6m 59s)

---------------  T H R E A D  ---------------

Current thread (0x0000018c5b7f1100):  JavaThread "C2 CompilerThread0" daemon [_thread_in_native, id=21672, stack(0x00000047b3400000,0x00000047b3500000) (1024K)]


Current CompileTask:
C2: 419727 13022       4       org.springframework.context.annotation.ConfigurationClassParser::collectImports (101 bytes)

Stack: [0x00000047b3400000,0x00000047b3500000]
Native frames: (J=compiled Java code, j=interpreted, Vv=VM code, C=native code)
V  [jvm.dll+0x6cae19]
V  [jvm.dll+0x855741]
V  [jvm.dll+0x857c6e]
V  [jvm.dll+0x858343]
V  [jvm.dll+0x27e0b6]
V  [jvm.dll+0xc4ecd]
V  [jvm.dll+0xc5403]
V  [jvm.dll+0x2f145d]
V  [jvm.dll+0x5f5a8a]
V  [jvm.dll+0x24fbc2]
V  [jvm.dll+0x24ff7f]
V  [jvm.dll+0x248a9c]
V  [jvm.dll+0x246004]
V  [jvm.dll+0x1c6efe]
V  [jvm.dll+0x255819]
V  [jvm.dll+0x253daa]
V  [jvm.dll+0x3eebb6]
V  [jvm.dll+0x7ffa1b]
V  [jvm.dll+0x6c94fd]
C  [ucrtbase.dll+0x26c0c]
C  [KERNEL32.DLL+0x153e0]
C  [ntdll.dll+0x485b]


---------------  P R O C E S S  ---------------

Threads class SMR info:
_java_thread_list=0x0000018ca374fbe0, length=15, elements={
0x0000018c5b696e60, 0x0000018c5b697780, 0x0000018c5b699360, 0x0000018c5b699af0,
0x0000018c5b69b3c0, 0x0000018c5b6a40f0, 0x0000018c5b7f1100, 0x0000018c5b7f17a0,
0x0000018c5b6a61c0, 0x0000018c5b6a4780, 0x0000018ca31d9870, 0x0000018ca31db940,
0x0000018ca6b04a90, 0x0000018ca6b01ca0, 0x0000018ca6b00f80
}

Java Threads: ( => current thread )
  0x0000018c5b696e60 JavaThread "Reference Handler"          daemon [_thread_blocked, id=6756, stack(0x00000047b2e00000,0x00000047b2f00000) (1024K)]
  0x0000018c5b697780 JavaThread "Finalizer"                  daemon [_thread_blocked, id=8656, stack(0x00000047b2f00000,0x00000047b3000000) (1024K)]
  0x0000018c5b699360 JavaThread "Signal Dispatcher"          daemon [_thread_blocked, id=21208, stack(0x00000047b3000000,0x00000047b3100000) (1024K)]
  0x0000018c5b699af0 JavaThread "Attach Listener"            daemon [_thread_blocked, id=24232, stack(0x00000047b3100000,0x00000047b3200000) (1024K)]
  0x0000018c5b69b3c0 JavaThread "Service Thread"             daemon [_thread_blocked, id=23792, stack(0x00000047b3200000,0x00000047b3300000) (1024K)]
  0x0000018c5b6a40f0 JavaThread "Monitor Deflation Thread"   daemon [_thread_blocked, id=18020, stack(0x00000047b3300000,0x00000047b3400000) (1024K)]
=>0x0000018c5b7f1100 JavaThread "C2 CompilerThread0"         daemon [_thread_in_native, id=21672, stack(0x00000047b3400000,0x00000047b3500000) (1024K)]
  0x0000018c5b7f17a0 JavaThread "C1 CompilerThread0"         daemon [_thread_blocked, id=3384, stack(0x00000047b3500000,0x00000047b3600000) (1024K)]
  0x0000018c5b6a61c0 JavaThread "Notification Thread"        daemon [_thread_blocked, id=15056, stack(0x00000047b3600000,0x00000047b3700000) (1024K)]
  0x0000018c5b6a4780 JavaThread "Common-Cleaner"             daemon [_thread_blocked, id=14348, stack(0x00000047b3700000,0x00000047b3800000) (1024K)]
  0x0000018ca31d9870 JavaThread "mysql-cj-abandoned-connection-cleanup" daemon [_thread_blocked, id=21048, stack(0x00000047b4a00000,0x00000047b4b00000) (1024K)]
  0x0000018ca31db940 JavaThread "Live Reload Server"         daemon [_thread_in_native, id=3380, stack(0x00000047b5000000,0x00000047b5100000) (1024K)]
  0x0000018ca6b04a90 JavaThread "DestroyJavaVM"                     [_thread_blocked, id=19296, stack(0x00000047b2600000,0x00000047b2700000) (1024K)]
  0x0000018ca6b01ca0 JavaThread "Thread-27"                         [_thread_blocked, id=19520, stack(0x00000047b2300000,0x00000047b2400000) (1024K)]
  0x0000018ca6b00f80 JavaThread "restartedMain"                     [_thread_in_Java, id=18484, stack(0x00000047b2400000,0x00000047b2500000) (1024K)]
Total: 15

Other Threads:
  0x0000018c5b67fe40 VMThread "VM Thread"                           [id=19524, stack(0x00000047b2d00000,0x00000047b2e00000) (1024K)]
  0x0000018c5b66ff00 WatcherThread "VM Periodic Task Thread"        [id=8652, stack(0x00000047b2c00000,0x00000047b2d00000) (1024K)]
  0x0000018c3ebf71c0 WorkerThread "GC Thread#0"                     [id=6412, stack(0x00000047b2700000,0x00000047b2800000) (1024K)]
  0x0000018ca18e7f90 WorkerThread "GC Thread#1"                     [id=7700, stack(0x00000047b3b00000,0x00000047b3c00000) (1024K)]
  0x0000018ca1943720 WorkerThread "GC Thread#2"                     [id=4672, stack(0x00000047b3c00000,0x00000047b3d00000) (1024K)]
  0x0000018ca1943ac0 WorkerThread "GC Thread#3"                     [id=1808, stack(0x00000047b3d00000,0x00000047b3e00000) (1024K)]
  0x0000018ca1553260 WorkerThread "GC Thread#4"                     [id=24396, stack(0x00000047b3e00000,0x00000047b3f00000) (1024K)]
  0x0000018ca1553600 WorkerThread "GC Thread#5"                     [id=2144, stack(0x00000047b3f00000,0x00000047b4000000) (1024K)]
  0x0000018ca1ee81d0 WorkerThread "GC Thread#6"                     [id=7456, stack(0x00000047b4100000,0x00000047b4200000) (1024K)]
  0x0000018ca1ee8570 WorkerThread "GC Thread#7"                     [id=12548, stack(0x00000047b4200000,0x00000047b4300000) (1024K)]
  0x0000018ca20876f0 WorkerThread "GC Thread#8"                     [id=23712, stack(0x00000047b4300000,0x00000047b4400000) (1024K)]
  0x0000018ca2087e30 WorkerThread "GC Thread#9"                     [id=3704, stack(0x00000047b4400000,0x00000047b4500000) (1024K)]
  0x0000018c3ec23a50 ConcurrentGCThread "G1 Main Marker"            [id=19612, stack(0x00000047b2800000,0x00000047b2900000) (1024K)]
  0x0000018c3ec24450 WorkerThread "G1 Conc#0"                       [id=19616, stack(0x00000047b2900000,0x00000047b2a00000) (1024K)]
  0x0000018ca2086c10 WorkerThread "G1 Conc#1"                       [id=19516, stack(0x00000047b4600000,0x00000047b4700000) (1024K)]
  0x0000018ca2088570 WorkerThread "G1 Conc#2"                       [id=15088, stack(0x00000047b4700000,0x00000047b4800000) (1024K)]
  0x0000018c5b538460 ConcurrentGCThread "G1 Refine#0"               [id=19512, stack(0x00000047b2a00000,0x00000047b2b00000) (1024K)]
  0x0000018c5b53d190 ConcurrentGCThread "G1 Service"                [id=21600, stack(0x00000047b2b00000,0x00000047b2c00000) (1024K)]
Total: 18

Threads with active compile tasks:
C2 CompilerThread0   419760 13022       4       org.springframework.context.annotation.ConfigurationClassParser::collectImports (101 bytes)
Total: 1

VM state: not at safepoint (normal execution)

VM Mutex/Monitor currently owned by a thread: None

Heap address: 0x000000008ac00000, size: 1876 MB, Compressed Oops mode: 32-bit

CDS archive(s) mapped at: [0x0000018c5c000000-0x0000018c5cc90000-0x0000018c5cc90000), size 13172736, SharedBaseAddress: 0x0000018c5c000000, ArchiveRelocationMode: 1.
Compressed class space mapped at: 0x0000018c5d000000-0x0000018c9d000000, reserved size: 1073741824
Narrow klass base: 0x0000018c5c000000, Narrow klass shift: 0, Narrow klass range: 0x100000000

GC Precious Log:
 CardTable entry size: 512
 Card Set container configuration: InlinePtr #cards 5 size 8 Array Of Cards #cards 12 size 40 Howl #buckets 4 coarsen threshold 1843 Howl Bitmap #cards 512 size 80 coarsen threshold 460 Card regions per heap region 1 cards per card region 2048
 CPUs: 12 total, 12 available
 Memory: 7501M
 Large Page Support: Disabled
 NUMA Support: Disabled
 Compressed Oops: Enabled (32-bit)
 Heap Region Size: 1M
 Heap Min Capacity: 8M
 Heap Initial Capacity: 118M
 Heap Max Capacity: 1876M
 Pre-touch: Disabled
 Parallel Workers: 10
 Concurrent Workers: 3
 Concurrent Refinement Workers: 10
 Periodic GC: Disabled

Heap:
 garbage-first heap   total 109568K, used 54212K [0x000000008ac00000, 0x0000000100000000)
  region size 1024K, 22 young (22528K), 0 survivors (0K)
 Metaspace       used 86916K, committed 87680K, reserved 1179648K
  class space    used 11071K, committed 11456K, reserved 1048576K

Heap Regions: E=young(eden), S=young(survivor), O=old, HS=humongous(starts), HC=humongous(continues), CS=collection set, F=free, TAMS=top-at-mark-start, PB=parsable bottom
|   0|0x000000008ac00000, 0x000000008ad00000, 0x000000008ad00000|100%|HS|  |TAMS 0x000000008ac00000| PB 0x000000008ac00000| Untracked 
|   1|0x000000008ad00000, 0x000000008ae00000, 0x000000008ae00000|100%|HS|  |TAMS 0x000000008ad00000| PB 0x000000008ad00000| Untracked 
|   2|0x000000008ae00000, 0x000000008aeffff8, 0x000000008af00000| 99%| O|  |TAMS 0x000000008ae00000| PB 0x000000008ae00000| Untracked 
|   3|0x000000008af00000, 0x000000008b000000, 0x000000008b000000|100%| O|  |TAMS 0x000000008af00000| PB 0x000000008af00000| Untracked 
|   4|0x000000008b000000, 0x000000008b100000, 0x000000008b100000|100%| O|  |TAMS 0x000000008b000000| PB 0x000000008b000000| Untracked 
|   5|0x000000008b100000, 0x000000008b200000, 0x000000008b200000|100%| O|  |TAMS 0x000000008b100000| PB 0x000000008b100000| Untracked 
|   6|0x000000008b200000, 0x000000008b2fffe0, 0x000000008b300000| 99%| O|  |TAMS 0x000000008b200000| PB 0x000000008b200000| Untracked 
|   7|0x000000008b300000, 0x000000008b3fffc0, 0x000000008b400000| 99%| O|  |TAMS 0x000000008b300000| PB 0x000000008b300000| Untracked 
|   8|0x000000008b400000, 0x000000008b4fffe0, 0x000000008b500000| 99%| O|  |TAMS 0x000000008b400000| PB 0x000000008b400000| Untracked 
|   9|0x000000008b500000, 0x000000008b5fffe8, 0x000000008b600000| 99%| O|  |TAMS 0x000000008b500000| PB 0x000000008b500000| Untracked 
|  10|0x000000008b600000, 0x000000008b6fffe0, 0x000000008b700000| 99%| O|  |TAMS 0x000000008b600000| PB 0x000000008b600000| Untracked 
|  11|0x000000008b700000, 0x000000008b800000, 0x000000008b800000|100%| O|  |TAMS 0x000000008b700000| PB 0x000000008b700000| Untracked 
|  12|0x000000008b800000, 0x000000008b8ffff8, 0x000000008b900000| 99%| O|  |TAMS 0x000000008b800000| PB 0x000000008b800000| Untracked 
|  13|0x000000008b900000, 0x000000008b9fffe8, 0x000000008ba00000| 99%| O|  |TAMS 0x000000008b900000| PB 0x000000008b900000| Untracked 
|  14|0x000000008ba00000, 0x000000008baff4e0, 0x000000008bb00000| 99%| O|  |TAMS 0x000000008ba00000| PB 0x000000008ba00000| Untracked 
|  15|0x000000008bb00000, 0x000000008bbffff8, 0x000000008bc00000| 99%| O|  |TAMS 0x000000008bb00000| PB 0x000000008bb00000| Untracked 
|  16|0x000000008bc00000, 0x000000008bcfffd8, 0x000000008bd00000| 99%| O|  |TAMS 0x000000008bc00000| PB 0x000000008bc00000| Untracked 
|  17|0x000000008bd00000, 0x000000008bdffff8, 0x000000008be00000| 99%| O|  |TAMS 0x000000008bd00000| PB 0x000000008bd00000| Untracked 
|  18|0x000000008be00000, 0x000000008befffe8, 0x000000008bf00000| 99%| O|  |TAMS 0x000000008be00000| PB 0x000000008be00000| Untracked 
|  19|0x000000008bf00000, 0x000000008bffd4f8, 0x000000008c000000| 98%| O|  |TAMS 0x000000008bf00000| PB 0x000000008bf00000| Untracked 
|  20|0x000000008c000000, 0x000000008c0ffff0, 0x000000008c100000| 99%| O|  |TAMS 0x000000008c000000| PB 0x000000008c000000| Untracked 
|  21|0x000000008c100000, 0x000000008c1ffff0, 0x000000008c200000| 99%| O|  |TAMS 0x000000008c100000| PB 0x000000008c100000| Untracked 
|  22|0x000000008c200000, 0x000000008c2ffff8, 0x000000008c300000| 99%| O|  |TAMS 0x000000008c200000| PB 0x000000008c200000| Untracked 
|  23|0x000000008c300000, 0x000000008c3ff908, 0x000000008c400000| 99%| O|  |TAMS 0x000000008c300000| PB 0x000000008c300000| Untracked 
|  24|0x000000008c400000, 0x000000008c4fffe8, 0x000000008c500000| 99%| O|  |TAMS 0x000000008c400000| PB 0x000000008c400000| Untracked 
|  25|0x000000008c500000, 0x000000008c5fff90, 0x000000008c600000| 99%| O|  |TAMS 0x000000008c500000| PB 0x000000008c500000| Untracked 
|  26|0x000000008c600000, 0x000000008c6fffb0, 0x000000008c700000| 99%| O|  |TAMS 0x000000008c600000| PB 0x000000008c600000| Untracked 
|  27|0x000000008c700000, 0x000000008c7fffd8, 0x000000008c800000| 99%| O|  |TAMS 0x000000008c700000| PB 0x000000008c700000| Untracked 
|  28|0x000000008c800000, 0x000000008c900000, 0x000000008c900000|100%| O|  |TAMS 0x000000008c800000| PB 0x000000008c800000| Untracked 
|  29|0x000000008c900000, 0x000000008c9e8488, 0x000000008ca00000| 90%| O|  |TAMS 0x000000008c900000| PB 0x000000008c900000| Untracked 
|  30|0x000000008ca00000, 0x000000008ca45980, 0x000000008cb00000| 27%| O|  |TAMS 0x000000008ca00000| PB 0x000000008ca00000| Untracked 
|  31|0x000000008cb00000, 0x000000008cb6a398, 0x000000008cc00000| 41%| O|  |TAMS 0x000000008cb00000| PB 0x000000008cb00000| Untracked 
|  32|0x000000008cc00000, 0x000000008cc3be50, 0x000000008cd00000| 23%| O|  |TAMS 0x000000008cc00000| PB 0x000000008cc00000| Untracked 
|  33|0x000000008cd00000, 0x000000008cdab440, 0x000000008ce00000| 66%| O|  |TAMS 0x000000008cd00000| PB 0x000000008cd00000| Untracked 
|  34|0x000000008ce00000, 0x000000008ce75eb8, 0x000000008cf00000| 46%| O|  |TAMS 0x000000008ce00000| PB 0x000000008ce00000| Untracked 
|  35|0x000000008cf00000, 0x000000008cf00000, 0x000000008d000000|  0%| F|  |TAMS 0x000000008cf00000| PB 0x000000008cf00000| Untracked 
|  36|0x000000008d000000, 0x000000008d000000, 0x000000008d100000|  0%| F|  |TAMS 0x000000008d000000| PB 0x000000008d000000| Untracked 
|  37|0x000000008d100000, 0x000000008d100000, 0x000000008d200000|  0%| F|  |TAMS 0x000000008d100000| PB 0x000000008d100000| Untracked 
|  38|0x000000008d200000, 0x000000008d200000, 0x000000008d300000|  0%| F|  |TAMS 0x000000008d200000| PB 0x000000008d200000| Untracked 
|  39|0x000000008d300000, 0x000000008d300000, 0x000000008d400000|  0%| F|  |TAMS 0x000000008d300000| PB 0x000000008d300000| Untracked 
|  40|0x000000008d400000, 0x000000008d400000, 0x000000008d500000|  0%| F|  |TAMS 0x000000008d400000| PB 0x000000008d400000| Untracked 
|  41|0x000000008d500000, 0x000000008d500000, 0x000000008d600000|  0%| F|  |TAMS 0x000000008d500000| PB 0x000000008d500000| Untracked 
|  42|0x000000008d600000, 0x000000008d600000, 0x000000008d700000|  0%| F|  |TAMS 0x000000008d600000| PB 0x000000008d600000| Untracked 
|  43|0x000000008d700000, 0x000000008d700000, 0x000000008d800000|  0%| F|  |TAMS 0x000000008d700000| PB 0x000000008d700000| Untracked 
|  44|0x000000008d800000, 0x000000008d800000, 0x000000008d900000|  0%| F|  |TAMS 0x000000008d800000| PB 0x000000008d800000| Untracked 
|  45|0x000000008d900000, 0x000000008d900000, 0x000000008da00000|  0%| F|  |TAMS 0x000000008d900000| PB 0x000000008d900000| Untracked 
|  46|0x000000008da00000, 0x000000008da00000, 0x000000008db00000|  0%| F|  |TAMS 0x000000008da00000| PB 0x000000008da00000| Untracked 
|  47|0x000000008db00000, 0x000000008db00000, 0x000000008dc00000|  0%| F|  |TAMS 0x000000008db00000| PB 0x000000008db00000| Untracked 
|  48|0x000000008dc00000, 0x000000008dc00000, 0x000000008dd00000|  0%| F|  |TAMS 0x000000008dc00000| PB 0x000000008dc00000| Untracked 
|  49|0x000000008dd00000, 0x000000008dd00000, 0x000000008de00000|  0%| F|  |TAMS 0x000000008dd00000| PB 0x000000008dd00000| Untracked 
|  50|0x000000008de00000, 0x000000008de00000, 0x000000008df00000|  0%| F|  |TAMS 0x000000008de00000| PB 0x000000008de00000| Untracked 
|  51|0x000000008df00000, 0x000000008df00000, 0x000000008e000000|  0%| F|  |TAMS 0x000000008df00000| PB 0x000000008df00000| Untracked 
|  52|0x000000008e000000, 0x000000008e000000, 0x000000008e100000|  0%| F|  |TAMS 0x000000008e000000| PB 0x000000008e000000| Untracked 
|  53|0x000000008e100000, 0x000000008e100000, 0x000000008e200000|  0%| F|  |TAMS 0x000000008e100000| PB 0x000000008e100000| Untracked 
|  54|0x000000008e200000, 0x000000008e200000, 0x000000008e300000|  0%| F|  |TAMS 0x000000008e200000| PB 0x000000008e200000| Untracked 
|  55|0x000000008e300000, 0x000000008e300000, 0x000000008e400000|  0%| F|  |TAMS 0x000000008e300000| PB 0x000000008e300000| Untracked 
|  56|0x000000008e400000, 0x000000008e400000, 0x000000008e500000|  0%| F|  |TAMS 0x000000008e400000| PB 0x000000008e400000| Untracked 
|  57|0x000000008e500000, 0x000000008e500000, 0x000000008e600000|  0%| F|  |TAMS 0x000000008e500000| PB 0x000000008e500000| Untracked 
|  58|0x000000008e600000, 0x000000008e600000, 0x000000008e700000|  0%| F|  |TAMS 0x000000008e600000| PB 0x000000008e600000| Untracked 
|  59|0x000000008e700000, 0x000000008e700000, 0x000000008e800000|  0%| F|  |TAMS 0x000000008e700000| PB 0x000000008e700000| Untracked 
|  60|0x000000008e800000, 0x000000008e800000, 0x000000008e900000|  0%| F|  |TAMS 0x000000008e800000| PB 0x000000008e800000| Untracked 
|  61|0x000000008e900000, 0x000000008e900000, 0x000000008ea00000|  0%| F|  |TAMS 0x000000008e900000| PB 0x000000008e900000| Untracked 
|  62|0x000000008ea00000, 0x000000008ea00000, 0x000000008eb00000|  0%| F|  |TAMS 0x000000008ea00000| PB 0x000000008ea00000| Untracked 
|  63|0x000000008eb00000, 0x000000008eb00000, 0x000000008ec00000|  0%| F|  |TAMS 0x000000008eb00000| PB 0x000000008eb00000| Untracked 
|  64|0x000000008ec00000, 0x000000008ec00000, 0x000000008ed00000|  0%| F|  |TAMS 0x000000008ec00000| PB 0x000000008ec00000| Untracked 
|  65|0x000000008ed00000, 0x000000008ed00000, 0x000000008ee00000|  0%| F|  |TAMS 0x000000008ed00000| PB 0x000000008ed00000| Untracked 
|  66|0x000000008ee00000, 0x000000008ee00000, 0x000000008ef00000|  0%| F|  |TAMS 0x000000008ee00000| PB 0x000000008ee00000| Untracked 
|  67|0x000000008ef00000, 0x000000008ef00000, 0x000000008f000000|  0%| F|  |TAMS 0x000000008ef00000| PB 0x000000008ef00000| Untracked 
|  68|0x000000008f000000, 0x000000008f000000, 0x000000008f100000|  0%| F|  |TAMS 0x000000008f000000| PB 0x000000008f000000| Untracked 
|  69|0x000000008f100000, 0x000000008f100000, 0x000000008f200000|  0%| F|  |TAMS 0x000000008f100000| PB 0x000000008f100000| Untracked 
|  70|0x000000008f200000, 0x000000008f200000, 0x000000008f300000|  0%| F|  |TAMS 0x000000008f200000| PB 0x000000008f200000| Untracked 
|  71|0x000000008f300000, 0x000000008f300000, 0x000000008f400000|  0%| F|  |TAMS 0x000000008f300000| PB 0x000000008f300000| Untracked 
|  72|0x000000008f400000, 0x000000008f400000, 0x000000008f500000|  0%| F|  |TAMS 0x000000008f400000| PB 0x000000008f400000| Untracked 
|  73|0x000000008f500000, 0x000000008f500000, 0x000000008f600000|  0%| F|  |TAMS 0x000000008f500000| PB 0x000000008f500000| Untracked 
|  74|0x000000008f600000, 0x000000008f600000, 0x000000008f700000|  0%| F|  |TAMS 0x000000008f600000| PB 0x000000008f600000| Untracked 
|  75|0x000000008f700000, 0x000000008f700000, 0x000000008f800000|  0%| F|  |TAMS 0x000000008f700000| PB 0x000000008f700000| Untracked 
|  76|0x000000008f800000, 0x000000008f800000, 0x000000008f900000|  0%| F|  |TAMS 0x000000008f800000| PB 0x000000008f800000| Untracked 
|  77|0x000000008f900000, 0x000000008f900000, 0x000000008fa00000|  0%| F|  |TAMS 0x000000008f900000| PB 0x000000008f900000| Untracked 
|  78|0x000000008fa00000, 0x000000008fa00000, 0x000000008fb00000|  0%| F|  |TAMS 0x000000008fa00000| PB 0x000000008fa00000| Untracked 
|  79|0x000000008fb00000, 0x000000008fb00000, 0x000000008fc00000|  0%| F|  |TAMS 0x000000008fb00000| PB 0x000000008fb00000| Untracked 
|  80|0x000000008fc00000, 0x000000008fc00000, 0x000000008fd00000|  0%| F|  |TAMS 0x000000008fc00000| PB 0x000000008fc00000| Untracked 
|  81|0x000000008fd00000, 0x000000008fd00000, 0x000000008fe00000|  0%| F|  |TAMS 0x000000008fd00000| PB 0x000000008fd00000| Untracked 
|  82|0x000000008fe00000, 0x000000008fe00000, 0x000000008ff00000|  0%| F|  |TAMS 0x000000008fe00000| PB 0x000000008fe00000| Untracked 
|  83|0x000000008ff00000, 0x000000008ff00000, 0x0000000090000000|  0%| F|  |TAMS 0x000000008ff00000| PB 0x000000008ff00000| Untracked 
|  84|0x0000000090000000, 0x000000009005b2f0, 0x0000000090100000| 35%| E|  |TAMS 0x0000000090000000| PB 0x0000000090000000| Complete 
|  85|0x0000000090100000, 0x0000000090200000, 0x0000000090200000|100%| E|CS|TAMS 0x0000000090100000| PB 0x0000000090100000| Complete 
|  86|0x0000000090200000, 0x0000000090300000, 0x0000000090300000|100%| E|CS|TAMS 0x0000000090200000| PB 0x0000000090200000| Complete 
|  87|0x0000000090300000, 0x0000000090400000, 0x0000000090400000|100%| E|CS|TAMS 0x0000000090300000| PB 0x0000000090300000| Complete 
|  88|0x0000000090400000, 0x0000000090500000, 0x0000000090500000|100%| E|CS|TAMS 0x0000000090400000| PB 0x0000000090400000| Complete 
|  89|0x0000000090500000, 0x0000000090600000, 0x0000000090600000|100%| E|CS|TAMS 0x0000000090500000| PB 0x0000000090500000| Complete 
|  90|0x0000000090600000, 0x0000000090700000, 0x0000000090700000|100%| E|CS|TAMS 0x0000000090600000| PB 0x0000000090600000| Complete 
|  91|0x0000000090700000, 0x0000000090800000, 0x0000000090800000|100%| E|CS|TAMS 0x0000000090700000| PB 0x0000000090700000| Complete 
|  92|0x0000000090800000, 0x0000000090900000, 0x0000000090900000|100%| E|CS|TAMS 0x0000000090800000| PB 0x0000000090800000| Complete 
|  93|0x0000000090900000, 0x0000000090a00000, 0x0000000090a00000|100%| E|CS|TAMS 0x0000000090900000| PB 0x0000000090900000| Complete 
|  94|0x0000000090a00000, 0x0000000090b00000, 0x0000000090b00000|100%| E|CS|TAMS 0x0000000090a00000| PB 0x0000000090a00000| Complete 
|  95|0x0000000090b00000, 0x0000000090c00000, 0x0000000090c00000|100%| E|CS|TAMS 0x0000000090b00000| PB 0x0000000090b00000| Complete 
|  96|0x0000000090c00000, 0x0000000090d00000, 0x0000000090d00000|100%| E|CS|TAMS 0x0000000090c00000| PB 0x0000000090c00000| Complete 
|  97|0x0000000090d00000, 0x0000000090e00000, 0x0000000090e00000|100%| E|CS|TAMS 0x0000000090d00000| PB 0x0000000090d00000| Complete 
|  98|0x0000000090e00000, 0x0000000090f00000, 0x0000000090f00000|100%| E|CS|TAMS 0x0000000090e00000| PB 0x0000000090e00000| Complete 
|  99|0x0000000090f00000, 0x0000000091000000, 0x0000000091000000|100%| E|CS|TAMS 0x0000000090f00000| PB 0x0000000090f00000| Complete 
| 100|0x0000000091000000, 0x0000000091100000, 0x0000000091100000|100%| E|CS|TAMS 0x0000000091000000| PB 0x0000000091000000| Complete 
| 101|0x0000000091100000, 0x0000000091200000, 0x0000000091200000|100%| E|CS|TAMS 0x0000000091100000| PB 0x0000000091100000| Complete 
| 102|0x0000000091200000, 0x0000000091300000, 0x0000000091300000|100%| E|CS|TAMS 0x0000000091200000| PB 0x0000000091200000| Complete 
| 103|0x0000000091300000, 0x0000000091400000, 0x0000000091400000|100%| E|CS|TAMS 0x0000000091300000| PB 0x0000000091300000| Complete 
| 104|0x0000000091400000, 0x0000000091500000, 0x0000000091500000|100%| E|CS|TAMS 0x0000000091400000| PB 0x0000000091400000| Complete 
| 105|0x0000000091500000, 0x0000000091600000, 0x0000000091600000|100%| E|CS|TAMS 0x0000000091500000| PB 0x0000000091500000| Complete 
| 117|0x0000000092100000, 0x0000000092200000, 0x0000000092200000|100%| E|CS|TAMS 0x0000000092100000| PB 0x0000000092100000| Complete 

Card table byte_map: [0x0000018c56930000,0x0000018c56ce0000] _byte_map_base: 0x0000018c564da000

Marking Bits: (CMBitMap*) 0x0000018c3ebf7fe0
 Bits: [0x0000018c56ce0000, 0x0000018c58a30000)

Polling page: 0x0000018c3cb80000

Metaspace:

Usage:
  Non-class:     74.07 MB used.
      Class:     10.81 MB used.
       Both:     84.88 MB used.

Virtual space:
  Non-class space:      128.00 MB reserved,      74.44 MB ( 58%) committed,  2 nodes.
      Class space:        1.00 GB reserved,      11.19 MB (  1%) committed,  1 nodes.
             Both:        1.12 GB reserved,      85.62 MB (  7%) committed. 

Chunk freelists:
   Non-Class:  5.31 MB
       Class:  4.66 MB
        Both:  9.97 MB

MaxMetaspaceSize: unlimited
CompressedClassSpaceSize: 1.00 GB
Initial GC threshold: 21.00 MB
Current GC threshold: 142.62 MB
CDS: on
 - commit_granule_bytes: 65536.
 - commit_granule_words: 8192.
 - virtual_space_node_default_size: 8388608.
 - enlarge_chunks_in_place: 1.
 - use_allocation_guard: 0.


Internal statistics:

num_allocs_failed_limit: 11.
num_arena_births: 1082.
num_arena_deaths: 12.
num_vsnodes_births: 3.
num_vsnodes_deaths: 0.
num_space_committed: 1369.
num_space_uncommitted: 0.
num_chunks_returned_to_freelist: 23.
num_chunks_taken_from_freelist: 4315.
num_chunk_merges: 6.
num_chunk_splits: 2984.
num_chunks_enlarged: 2234.
num_inconsistent_stats: 0.

CodeHeap 'non-profiled nmethods': size=120000Kb used=6472Kb max_used=6472Kb free=113527Kb
 bounds [0x0000018c4eb00000, 0x0000018c4f160000, 0x0000018c56030000]
CodeHeap 'profiled nmethods': size=120000Kb used=16517Kb max_used=16643Kb free=103482Kb
 bounds [0x0000018c47030000, 0x0000018c48080000, 0x0000018c4e560000]
CodeHeap 'non-nmethods': size=5760Kb used=1734Kb max_used=1784Kb free=4025Kb
 bounds [0x0000018c4e560000, 0x0000018c4e7d0000, 0x0000018c4eb00000]
 total_blobs=8637 nmethods=7888 adapters=652
 compilation: enabled
              stopped_count=0, restarted_count=0
 full_count=0

Compilation events (20 events):
Event: 419.298 Thread 0x0000018c5b7f17a0 13018       3       org.springframework.core.annotation.RepeatableContainers$StandardRepeatableContainers$$Lambda/0x0000018c5d096fc0::apply (8 bytes)
Event: 419.299 Thread 0x0000018c5b7f17a0 nmethod 13018 0x0000018c47350810 code [0x0000018c473509c0, 0x0000018c47350bf0]
Event: 419.344 Thread 0x0000018c5b7f17a0 13019       3       org.springframework.boot.autoconfigure.condition.ConditionMessage$Style$1::applyToItem (2 bytes)
Event: 419.345 Thread 0x0000018c5b7f17a0 nmethod 13019 0x0000018c476d1490 code [0x0000018c476d1620, 0x0000018c476d1730]
Event: 419.405 Thread 0x0000018c5b7f1100 nmethod 13015 0x0000018c4efe1110 code [0x0000018c4efe1480, 0x0000018c4efe2de0]
Event: 419.406 Thread 0x0000018c5b7f1100 13017       4       java.util.TreeMap$PrivateEntryIterator::hasNext (13 bytes)
Event: 419.406 Thread 0x0000018c5b7f1100 nmethod 13017 0x0000018c4efe0d90 code [0x0000018c4efe0f20, 0x0000018c4efe0fb0]
Event: 419.416 Thread 0x0000018c5b7f1100 13020       4       org.springframework.boot.autoconfigure.condition.FilteringSpringBootCondition::filter (82 bytes)
Event: 419.498 Thread 0x0000018c5b7f17a0 13025       3       org.springframework.boot.context.properties.EnableConfigurationPropertiesRegistrar::<init> (5 bytes)
Event: 419.498 Thread 0x0000018c5b7f17a0 nmethod 13025 0x0000018c47e4bf90 code [0x0000018c47e4c140, 0x0000018c47e4c2a8]
Event: 419.578 Thread 0x0000018c5b7f1100 nmethod 13020 0x0000018c4f151110 code [0x0000018c4f151480, 0x0000018c4f152e38]
Event: 419.578 Thread 0x0000018c5b7f1100 13022       4       org.springframework.context.annotation.ConfigurationClassParser::collectImports (101 bytes)
Event: 419.619 Thread 0x0000018c5b7f17a0 13027       2       org.springframework.beans.factory.support.AbstractBeanDefinition::copyQualifiersFrom (21 bytes)
Event: 419.620 Thread 0x0000018c5b7f17a0 nmethod 13027 0x0000018c47569f90 code [0x0000018c4756a160, 0x0000018c4756a370]
Event: 419.644 Thread 0x0000018c5b7f17a0 13028   !   3       org.springframework.boot.autoconfigure.condition.OnBeanCondition$Spec::deducedBeanTypeForBeanMethod (32 bytes)
Event: 419.644 Thread 0x0000018c5b7f17a0 nmethod 13028 0x0000018c47321810 code [0x0000018c47321a60, 0x0000018c47322350]
Event: 419.645 Thread 0x0000018c5b7f17a0 13029       3       org.springframework.boot.autoconfigure.condition.OnBeanCondition$Spec::getReturnType (40 bytes)
Event: 419.645 Thread 0x0000018c5b7f17a0 nmethod 13029 0x0000018c47106310 code [0x0000018c47106500, 0x0000018c47106968]
Event: 419.645 Thread 0x0000018c5b7f17a0 13030       3       org.springframework.boot.autoconfigure.condition.OnBeanCondition$Spec::getMethodReturnType (30 bytes)
Event: 419.646 Thread 0x0000018c5b7f17a0 nmethod 13030 0x0000018c47535310 code [0x0000018c475355a0, 0x0000018c47535f60]

GC Heap History (20 events):
Event: 375.965 GC heap before
{Heap before GC invocations=36 (full 3):
 garbage-first heap   total 91136K, used 70019K [0x000000008ac00000, 0x0000000100000000)
  region size 1024K, 38 young (38912K), 0 survivors (0K)
 Metaspace       used 83140K, committed 83904K, reserved 1179648K
  class space    used 10821K, committed 11200K, reserved 1048576K
}
Event: 375.969 GC heap after
{Heap after GC invocations=37 (full 3):
 garbage-first heap   total 91136K, used 34951K [0x000000008ac00000, 0x0000000100000000)
  region size 1024K, 4 young (4096K), 4 survivors (4096K)
 Metaspace       used 83140K, committed 83904K, reserved 1179648K
  class space    used 10821K, committed 11200K, reserved 1048576K
}
Event: 376.442 GC heap before
{Heap before GC invocations=38 (full 3):
 garbage-first heap   total 91136K, used 71815K [0x000000008ac00000, 0x0000000100000000)
  region size 1024K, 41 young (41984K), 4 survivors (4096K)
 Metaspace       used 83768K, committed 84544K, reserved 1179648K
  class space    used 10853K, committed 11200K, reserved 1048576K
}
Event: 376.446 GC heap after
{Heap after GC invocations=39 (full 3):
 garbage-first heap   total 91136K, used 36909K [0x000000008ac00000, 0x0000000100000000)
  region size 1024K, 3 young (3072K), 3 survivors (3072K)
 Metaspace       used 83768K, committed 84544K, reserved 1179648K
  class space    used 10853K, committed 11200K, reserved 1048576K
}
Event: 380.955 GC heap before
{Heap before GC invocations=39 (full 3):
 garbage-first heap   total 91136K, used 43053K [0x000000008ac00000, 0x0000000100000000)
  region size 1024K, 10 young (10240K), 3 survivors (3072K)
 Metaspace       used 83972K, committed 84736K, reserved 1179648K
  class space    used 10866K, committed 11200K, reserved 1048576K
}
Event: 380.995 GC heap after
{Heap after GC invocations=40 (full 4):
 garbage-first heap   total 91136K, used 31510K [0x000000008ac00000, 0x0000000100000000)
  region size 1024K, 0 young (0K), 0 survivors (0K)
 Metaspace       used 83970K, committed 84736K, reserved 1179648K
  class space    used 10866K, committed 11200K, reserved 1048576K
}
Event: 381.584 GC heap before
{Heap before GC invocations=40 (full 4):
 garbage-first heap   total 91136K, used 71446K [0x000000008ac00000, 0x0000000100000000)
  region size 1024K, 40 young (40960K), 0 survivors (0K)
 Metaspace       used 84205K, committed 84992K, reserved 1179648K
  class space    used 10884K, committed 11264K, reserved 1048576K
}
Event: 381.587 GC heap after
{Heap after GC invocations=41 (full 4):
 garbage-first heap   total 91136K, used 35838K [0x000000008ac00000, 0x0000000100000000)
  region size 1024K, 5 young (5120K), 5 survivors (5120K)
 Metaspace       used 84205K, committed 84992K, reserved 1179648K
  class space    used 10884K, committed 11264K, reserved 1048576K
}
Event: 384.619 GC heap before
{Heap before GC invocations=42 (full 4):
 garbage-first heap   total 91136K, used 73726K [0x000000008ac00000, 0x0000000100000000)
  region size 1024K, 43 young (44032K), 5 survivors (5120K)
 Metaspace       used 84883K, committed 85696K, reserved 1179648K
  class space    used 10928K, committed 11328K, reserved 1048576K
}
Event: 384.623 GC heap after
{Heap after GC invocations=43 (full 4):
 garbage-first heap   total 109568K, used 37340K [0x000000008ac00000, 0x0000000100000000)
  region size 1024K, 3 young (3072K), 3 survivors (3072K)
 Metaspace       used 84883K, committed 85696K, reserved 1179648K
  class space    used 10928K, committed 11328K, reserved 1048576K
}
Event: 385.483 GC heap before
{Heap before GC invocations=43 (full 4):
 garbage-first heap   total 109568K, used 38364K [0x000000008ac00000, 0x0000000100000000)
  region size 1024K, 5 young (5120K), 3 survivors (3072K)
 Metaspace       used 84899K, committed 85760K, reserved 1179648K
  class space    used 10928K, committed 11328K, reserved 1048576K
}
Event: 385.532 GC heap after
{Heap after GC invocations=44 (full 5):
 garbage-first heap   total 109568K, used 31915K [0x000000008ac00000, 0x0000000100000000)
  region size 1024K, 0 young (0K), 0 survivors (0K)
 Metaspace       used 84896K, committed 85760K, reserved 1179648K
  class space    used 10928K, committed 11328K, reserved 1048576K
}
Event: 386.196 GC heap before
{Heap before GC invocations=44 (full 5):
 garbage-first heap   total 109568K, used 83115K [0x000000008ac00000, 0x0000000100000000)
  region size 1024K, 51 young (52224K), 0 survivors (0K)
 Metaspace       used 85448K, committed 86208K, reserved 1179648K
  class space    used 10964K, committed 11328K, reserved 1048576K
}
Event: 386.199 GC heap after
{Heap after GC invocations=45 (full 5):
 garbage-first heap   total 109568K, used 37007K [0x000000008ac00000, 0x0000000100000000)
  region size 1024K, 5 young (5120K), 5 survivors (5120K)
 Metaspace       used 85448K, committed 86208K, reserved 1179648K
  class space    used 10964K, committed 11328K, reserved 1048576K
}
Event: 414.523 GC heap before
{Heap before GC invocations=46 (full 5):
 garbage-first heap   total 109568K, used 66703K [0x000000008ac00000, 0x0000000100000000)
  region size 1024K, 35 young (35840K), 5 survivors (5120K)
 Metaspace       used 85968K, committed 86784K, reserved 1179648K
  class space    used 10997K, committed 11392K, reserved 1048576K
}
Event: 414.565 GC heap after
{Heap after GC invocations=47 (full 6):
 garbage-first heap   total 109568K, used 32335K [0x000000008ac00000, 0x0000000100000000)
  region size 1024K, 0 young (0K), 0 survivors (0K)
 Metaspace       used 85965K, committed 86784K, reserved 1179648K
  class space    used 10996K, committed 11392K, reserved 1048576K
}
Event: 415.194 GC heap before
{Heap before GC invocations=47 (full 6):
 garbage-first heap   total 109568K, used 85583K [0x000000008ac00000, 0x0000000100000000)
  region size 1024K, 53 young (54272K), 0 survivors (0K)
 Metaspace       used 86423K, committed 87232K, reserved 1179648K
  class space    used 11034K, committed 11392K, reserved 1048576K
}
Event: 415.197 GC heap after
{Heap after GC invocations=48 (full 6):
 garbage-first heap   total 109568K, used 37539K [0x000000008ac00000, 0x0000000100000000)
  region size 1024K, 6 young (6144K), 6 survivors (6144K)
 Metaspace       used 86423K, committed 87232K, reserved 1179648K
  class space    used 11034K, committed 11392K, reserved 1048576K
}
Event: 418.969 GC heap before
{Heap before GC invocations=49 (full 6):
 garbage-first heap   total 109568K, used 63139K [0x000000008ac00000, 0x0000000100000000)
  region size 1024K, 32 young (32768K), 6 survivors (6144K)
 Metaspace       used 86835K, committed 87616K, reserved 1179648K
  class space    used 11060K, committed 11456K, reserved 1048576K
}
Event: 419.021 GC heap after
{Heap after GC invocations=50 (full 7):
 garbage-first heap   total 109568K, used 32708K [0x000000008ac00000, 0x0000000100000000)
  region size 1024K, 0 young (0K), 0 survivors (0K)
 Metaspace       used 86832K, committed 87616K, reserved 1179648K
  class space    used 11060K, committed 11456K, reserved 1048576K
}

Dll operation events (11 events):
Event: 0.008 Loaded shared library C:\Program Files\Java\jdk-21\bin\java.dll
Event: 0.039 Loaded shared library C:\Program Files\Java\jdk-21\bin\jsvml.dll
Event: 0.133 Loaded shared library C:\Program Files\Java\jdk-21\bin\net.dll
Event: 0.136 Loaded shared library C:\Program Files\Java\jdk-21\bin\nio.dll
Event: 0.140 Loaded shared library C:\Program Files\Java\jdk-21\bin\zip.dll
Event: 0.251 Loaded shared library C:\Program Files\Java\jdk-21\bin\jimage.dll
Event: 0.501 Loaded shared library C:\Program Files\Java\jdk-21\bin\management.dll
Event: 0.508 Loaded shared library C:\Program Files\Java\jdk-21\bin\management_ext.dll
Event: 1.781 Loaded shared library C:\Program Files\Java\jdk-21\bin\sunmscapi.dll
Event: 4.485 Loaded shared library C:\Program Files\Java\jdk-21\bin\verify.dll
Event: 4.908 Loaded shared library C:\Program Files\Java\jdk-21\bin\extnet.dll

Deoptimization events (20 events):
Event: 415.608 Thread 0x0000018ca31d84c0 DEOPT PACKING pc=0x0000018c4ed18b9c sp=0x00000047b45fdf20
Event: 415.608 Thread 0x0000018ca31d84c0 DEOPT UNPACKING pc=0x0000018c4e5b46a2 sp=0x00000047b45fde70 mode 2
Event: 418.957 Thread 0x0000018ca6b01ca0 DEOPT PACKING pc=0x0000018c474291f6 sp=0x00000047b23feea0
Event: 418.957 Thread 0x0000018ca6b01ca0 DEOPT UNPACKING pc=0x0000018c4e5b4e42 sp=0x00000047b23fe378 mode 0
Event: 419.408 Thread 0x0000018ca6b00f80 Uncommon trap: trap_request=0xffffffbe fr.pc=0x0000018c4efe273c relative=0x00000000000012bc
Event: 419.408 Thread 0x0000018ca6b00f80 Uncommon trap: reason=profile_predicate action=maybe_recompile pc=0x0000018c4efe273c method=org.springframework.boot.autoconfigure.condition.FilteringSpringBootCondition.filter(Ljava/util/Collection;Lorg/springframework/boot/autoconfigure/condition/Filter
Event: 419.408 Thread 0x0000018ca6b00f80 DEOPT PACKING pc=0x0000018c4efe273c sp=0x00000047b24fddf0
Event: 419.408 Thread 0x0000018ca6b00f80 DEOPT UNPACKING pc=0x0000018c4e5b46a2 sp=0x00000047b24fdda8 mode 2
Event: 419.409 Thread 0x0000018ca6b00f80 Uncommon trap: trap_request=0xffffffbe fr.pc=0x0000018c4efe273c relative=0x00000000000012bc
Event: 419.409 Thread 0x0000018ca6b00f80 Uncommon trap: reason=profile_predicate action=maybe_recompile pc=0x0000018c4efe273c method=org.springframework.boot.autoconfigure.condition.FilteringSpringBootCondition.filter(Ljava/util/Collection;Lorg/springframework/boot/autoconfigure/condition/Filter
Event: 419.409 Thread 0x0000018ca6b00f80 DEOPT PACKING pc=0x0000018c4efe273c sp=0x00000047b24fddf0
Event: 419.409 Thread 0x0000018ca6b00f80 DEOPT UNPACKING pc=0x0000018c4e5b46a2 sp=0x00000047b24fdda8 mode 2
Event: 419.410 Thread 0x0000018ca6b00f80 Uncommon trap: trap_request=0xffffffbe fr.pc=0x0000018c4efe273c relative=0x00000000000012bc
Event: 419.410 Thread 0x0000018ca6b00f80 Uncommon trap: reason=profile_predicate action=maybe_recompile pc=0x0000018c4efe273c method=org.springframework.boot.autoconfigure.condition.FilteringSpringBootCondition.filter(Ljava/util/Collection;Lorg/springframework/boot/autoconfigure/condition/Filter
Event: 419.410 Thread 0x0000018ca6b00f80 DEOPT PACKING pc=0x0000018c4efe273c sp=0x00000047b24fddf0
Event: 419.410 Thread 0x0000018ca6b00f80 DEOPT UNPACKING pc=0x0000018c4e5b46a2 sp=0x00000047b24fdda8 mode 2
Event: 419.414 Thread 0x0000018ca6b00f80 Uncommon trap: trap_request=0xffffffbe fr.pc=0x0000018c4efe273c relative=0x00000000000012bc
Event: 419.414 Thread 0x0000018ca6b00f80 Uncommon trap: reason=profile_predicate action=maybe_recompile pc=0x0000018c4efe273c method=org.springframework.boot.autoconfigure.condition.FilteringSpringBootCondition.filter(Ljava/util/Collection;Lorg/springframework/boot/autoconfigure/condition/Filter
Event: 419.415 Thread 0x0000018ca6b00f80 DEOPT PACKING pc=0x0000018c4efe273c sp=0x00000047b24fddf0
Event: 419.415 Thread 0x0000018ca6b00f80 DEOPT UNPACKING pc=0x0000018c4e5b46a2 sp=0x00000047b24fdda8 mode 2

Classes loaded (20 events):
Event: 367.463 Loading class java/io/ObjectInputStream$ValidationList
Event: 367.463 Loading class java/io/ObjectInputStream$ValidationList done
Event: 367.463 Loading class java/io/ObjectInputFilter$Config
Event: 367.463 Loading class java/io/ObjectInputFilter$Config done
Event: 367.463 Loading class java/io/ObjectInputFilter
Event: 367.464 Loading class java/io/ObjectInputFilter done
Event: 367.464 Loading class java/io/ObjectInputFilter$Config$BuiltinFilterFactory
Event: 367.464 Loading class java/io/ObjectInputFilter$Config$BuiltinFilterFactory done
Event: 367.464 Loading class jdk/internal/access/JavaObjectInputFilterAccess
Event: 367.464 Loading class jdk/internal/access/JavaObjectInputFilterAccess done
Event: 367.465 Loading class jdk/internal/event/DeserializationEvent
Event: 367.466 Loading class jdk/internal/event/DeserializationEvent done
Event: 367.466 Loading class java/io/ObjectInputStream$FieldValues
Event: 367.466 Loading class java/io/ObjectInputStream$GetField
Event: 367.466 Loading class java/io/ObjectInputStream$GetField done
Event: 367.466 Loading class java/io/ObjectInputStream$FieldValues done
Event: 372.605 Loading class sun/net/ConnectionResetException
Event: 372.605 Loading class sun/net/ConnectionResetException done
Event: 381.415 Loading class java/lang/invoke/MethodHandleImpl$CountingWrapper$1
Event: 381.416 Loading class java/lang/invoke/MethodHandleImpl$CountingWrapper$1 done

Classes unloaded (6 events):
Event: 372.625 Thread 0x0000018c5b67fe40 Unloading class 0x0000018c5daa2c00 'org/apache/catalina/loader/JdbcLeakPrevention'
Event: 375.374 Thread 0x0000018c5b67fe40 Unloading class 0x0000018c5dab1800 'org/apache/catalina/loader/JdbcLeakPrevention'
Event: 380.966 Thread 0x0000018c5b67fe40 Unloading class 0x0000018c5db04c00 'org/apache/catalina/loader/JdbcLeakPrevention'
Event: 385.498 Thread 0x0000018c5b67fe40 Unloading class 0x0000018c5db10c00 'org/apache/catalina/loader/JdbcLeakPrevention'
Event: 414.535 Thread 0x0000018c5b67fe40 Unloading class 0x0000018c5db2c800 'org/apache/catalina/loader/JdbcLeakPrevention'
Event: 418.985 Thread 0x0000018c5b67fe40 Unloading class 0x0000018c5db39800 'org/apache/catalina/loader/JdbcLeakPrevention'

Classes redefined (0 events):
No events

Internal exceptions (20 events):
Event: 385.913 Thread 0x0000018ca6b03d70 Exception <a 'java/lang/NoClassDefFoundError'{0x000000008fa66be0}: org/jooq/DSLContext> (0x000000008fa66be0) 
thrown [s\open\src\hotspot\share\oops\constantPool.cpp, line 873]
Event: 385.914 Thread 0x0000018ca6b03d70 Exception <a 'java/lang/NoClassDefFoundError'{0x000000008faa9b08}: org/springframework/batch/core/repository/JobRepository> (0x000000008faa9b08) 
thrown [s\open\src\hotspot\share\oops\constantPool.cpp, line 873]
Event: 385.914 Thread 0x0000018ca6b03d70 Exception <a 'java/lang/NoClassDefFoundError'{0x000000008faaa160}: org/quartz/Scheduler> (0x000000008faaa160) 
thrown [s\open\src\hotspot\share\oops\constantPool.cpp, line 873]
Event: 385.914 Thread 0x0000018ca6b03d70 Exception <a 'java/lang/NoClassDefFoundError'{0x000000008faaa7e0}: org/springframework/session/jdbc/JdbcIndexedSessionRepository> (0x000000008faaa7e0) 
thrown [s\open\src\hotspot\share\oops\constantPool.cpp, line 873]
Event: 385.957 Thread 0x0000018ca6b03d70 Exception <a 'java/io/FileNotFoundException'{0x000000008f405fe0}> (0x000000008f405fe0) 
thrown [s\open\src\hotspot\share\prims\jni.cpp, line 520]
Event: 386.246 Thread 0x0000018ca6b03d70 Exception <a 'java/io/FileNotFoundException'{0x000000009122b770}> (0x000000009122b770) 
thrown [s\open\src\hotspot\share\prims\jni.cpp, line 520]
Event: 386.246 Thread 0x0000018ca6b03d70 Exception <a 'java/io/FileNotFoundException'{0x0000000091235710}> (0x0000000091235710) 
thrown [s\open\src\hotspot\share\prims\jni.cpp, line 520]
Event: 414.523 Thread 0x0000018ca6b029c0 Exception <a 'java/lang/InterruptedException'{0x000000008f9d2ae8}: sleep interrupted> (0x000000008f9d2ae8) 
thrown [s\open\src\hotspot\share\prims\jvm.cpp, line 3074]
Event: 414.574 Thread 0x0000018ca31dc660 Exception <a 'sun/nio/fs/WindowsException'{0x000000009216d640}> (0x000000009216d640) 
thrown [s\open\src\hotspot\share\prims\jni.cpp, line 520]
Event: 414.909 Thread 0x0000018ca31dc660 Exception <a 'java/lang/NoClassDefFoundError'{0x000000008fa49170}: org/flywaydb/core/Flyway> (0x000000008fa49170) 
thrown [s\open\src\hotspot\share\oops\constantPool.cpp, line 873]
Event: 414.910 Thread 0x0000018ca31dc660 Exception <a 'java/lang/NoClassDefFoundError'{0x000000008fa497d0}: liquibase/integration/spring/SpringLiquibase> (0x000000008fa497d0) 
thrown [s\open\src\hotspot\share\oops\constantPool.cpp, line 873]
Event: 414.911 Thread 0x0000018ca31dc660 Exception <a 'java/lang/NoClassDefFoundError'{0x000000008fa67b28}: org/jooq/DSLContext> (0x000000008fa67b28) 
thrown [s\open\src\hotspot\share\oops\constantPool.cpp, line 873]
Event: 414.912 Thread 0x0000018ca31dc660 Exception <a 'java/lang/NoClassDefFoundError'{0x000000008faaa4e8}: org/springframework/batch/core/repository/JobRepository> (0x000000008faaa4e8) 
thrown [s\open\src\hotspot\share\oops\constantPool.cpp, line 873]
Event: 414.912 Thread 0x0000018ca31dc660 Exception <a 'java/lang/NoClassDefFoundError'{0x000000008faaab40}: org/quartz/Scheduler> (0x000000008faaab40) 
thrown [s\open\src\hotspot\share\oops\constantPool.cpp, line 873]
Event: 414.912 Thread 0x0000018ca31dc660 Exception <a 'java/lang/NoClassDefFoundError'{0x000000008faab1c0}: org/springframework/session/jdbc/JdbcIndexedSessionRepository> (0x000000008faab1c0) 
thrown [s\open\src\hotspot\share\oops\constantPool.cpp, line 873]
Event: 414.955 Thread 0x0000018ca31dc660 Exception <a 'java/io/FileNotFoundException'{0x000000008f4062d8}> (0x000000008f4062d8) 
thrown [s\open\src\hotspot\share\prims\jni.cpp, line 520]
Event: 415.238 Thread 0x0000018ca31dc660 Exception <a 'java/io/FileNotFoundException'{0x00000000915e5590}> (0x00000000915e5590) 
thrown [s\open\src\hotspot\share\prims\jni.cpp, line 520]
Event: 415.238 Thread 0x0000018ca31dc660 Exception <a 'java/io/FileNotFoundException'{0x00000000915ef530}> (0x00000000915ef530) 
thrown [s\open\src\hotspot\share\prims\jni.cpp, line 520]
Event: 418.968 Thread 0x0000018ca31d77a0 Exception <a 'java/lang/InterruptedException'{0x000000008fdf5c38}: sleep interrupted> (0x000000008fdf5c38) 
thrown [s\open\src\hotspot\share\prims\jvm.cpp, line 3074]
Event: 419.033 Thread 0x0000018ca6b00f80 Exception <a 'sun/nio/fs/WindowsException'{0x000000009216ddb8}> (0x000000009216ddb8) 
thrown [s\open\src\hotspot\share\prims\jni.cpp, line 520]

ZGC Phase Switch (0 events):
No events

VM Operations (20 events):
Event: 386.232 Executing VM operation: G1PauseCleanup
Event: 386.232 Executing VM operation: G1PauseCleanup done
Event: 387.234 Executing VM operation: Cleanup
Event: 387.234 Executing VM operation: Cleanup done
Event: 396.320 Executing VM operation: Cleanup
Event: 396.320 Executing VM operation: Cleanup done
Event: 414.523 Executing VM operation: G1CollectFull (System.gc())
Event: 414.565 Executing VM operation: G1CollectFull (System.gc()) done
Event: 415.171 Executing VM operation: ICBufferFull
Event: 415.171 Executing VM operation: ICBufferFull done
Event: 415.194 Executing VM operation: G1CollectForAllocation (G1 Evacuation Pause)
Event: 415.197 Executing VM operation: G1CollectForAllocation (G1 Evacuation Pause) done
Event: 415.225 Executing VM operation: G1PauseRemark
Event: 415.229 Executing VM operation: G1PauseRemark done
Event: 415.236 Executing VM operation: G1PauseCleanup
Event: 415.236 Executing VM operation: G1PauseCleanup done
Event: 416.249 Executing VM operation: Cleanup
Event: 416.249 Executing VM operation: Cleanup done
Event: 418.969 Executing VM operation: G1CollectFull (System.gc())
Event: 419.021 Executing VM operation: G1CollectFull (System.gc()) done

Events (20 events):
Event: 418.995 Thread 0x0000018c5b67fe40 flushing nmethod 0x0000018c472e5310
Event: 418.995 Thread 0x0000018c5b67fe40 flushing nmethod 0x0000018c47350810
Event: 418.995 Thread 0x0000018c5b67fe40 flushing nmethod 0x0000018c474def10
Event: 418.995 Thread 0x0000018c5b67fe40 flushing nmethod 0x0000018c474e1090
Event: 418.995 Thread 0x0000018c5b67fe40 flushing nmethod 0x0000018c47a72b90
Event: 418.995 Thread 0x0000018c5b67fe40 flushing nmethod 0x0000018c47106310
Event: 418.995 Thread 0x0000018c5b67fe40 flushing nmethod 0x0000018c47222b90
Event: 418.995 Thread 0x0000018c5b67fe40 flushing nmethod 0x0000018c47321810
Event: 418.995 Thread 0x0000018c5b67fe40 flushing nmethod 0x0000018c474c3690
Event: 418.995 Thread 0x0000018c5b67fe40 flushing nmethod 0x0000018c474c3e10
Event: 418.995 Thread 0x0000018c5b67fe40 flushing nmethod 0x0000018c47552090
Event: 418.995 Thread 0x0000018c5b67fe40 flushing nmethod 0x0000018c476da590
Event: 418.995 Thread 0x0000018c5b67fe40 flushing nmethod 0x0000018c476dcb10
Event: 418.995 Thread 0x0000018c5b67fe40 flushing nmethod 0x0000018c479fa810
Event: 418.995 Thread 0x0000018c5b67fe40 flushing nmethod 0x0000018c47b15c10
Event: 419.021 Thread 0x0000018ca6affbd0 Thread added: 0x0000018ca6affbd0
Event: 419.021 Thread 0x0000018ca6affbd0 Thread exited: 0x0000018ca6affbd0
Event: 419.022 Thread 0x0000018ca6b00f80 Thread added: 0x0000018ca6b00f80
Event: 419.262 Thread 0x0000018ca6b05120 Thread added: 0x0000018ca6b05120
Event: 419.292 Thread 0x0000018ca6b05120 Thread exited: 0x0000018ca6b05120


Dynamic libraries:
0x00007ff6effd0000 - 0x00007ff6effe0000 	C:\Program Files\Java\jdk-21\bin\java.exe
0x00007ffb3d6c0000 - 0x00007ffb3d8c9000 	C:\windows\SYSTEM32\ntdll.dll
0x00007ffb3ccb0000 - 0x00007ffb3cd6d000 	C:\windows\System32\KERNEL32.DLL
0x00007ffb3ad10000 - 0x00007ffb3b094000 	C:\windows\System32\KERNELBASE.dll
0x00007ffb3abf0000 - 0x00007ffb3ad01000 	C:\windows\System32\ucrtbase.dll
0x00007ffb1ea50000 - 0x00007ffb1ea6b000 	C:\Program Files\Java\jdk-21\bin\VCRUNTIME140.dll
0x00007ffb19730000 - 0x00007ffb19749000 	C:\Program Files\Java\jdk-21\bin\jli.dll
0x00007ffb3ced0000 - 0x00007ffb3cf7e000 	C:\windows\System32\ADVAPI32.dll
0x00007ffb3c2c0000 - 0x00007ffb3c363000 	C:\windows\System32\msvcrt.dll
0x00007ffb3b890000 - 0x00007ffb3b92e000 	C:\windows\System32\sechost.dll
0x00007ffb3c730000 - 0x00007ffb3c851000 	C:\windows\System32\RPCRT4.dll
0x00007ffb3caa0000 - 0x00007ffb3cc4d000 	C:\windows\System32\USER32.dll
0x00007ffb3b470000 - 0x00007ffb3b496000 	C:\windows\System32\win32u.dll
0x00007ffb3ca00000 - 0x00007ffb3ca2a000 	C:\windows\System32\GDI32.dll
0x00007ffb26050000 - 0x00007ffb262f5000 	C:\windows\WinSxS\amd64_microsoft.windows.common-controls_6595b64144ccf1df_6.0.22000.120_none_9d947278b86cc467\COMCTL32.dll
0x00007ffb3b210000 - 0x00007ffb3b32e000 	C:\windows\System32\gdi32full.dll
0x00007ffb3ab50000 - 0x00007ffb3abed000 	C:\windows\System32\msvcp_win.dll
0x00007ffb33e40000 - 0x00007ffb33e4a000 	C:\windows\SYSTEM32\VERSION.dll
0x00007ffb3d630000 - 0x00007ffb3d661000 	C:\windows\System32\IMM32.DLL
0x00007ffb32360000 - 0x00007ffb3236c000 	C:\Program Files\Java\jdk-21\bin\vcruntime140_1.dll
0x00007ffb14c70000 - 0x00007ffb14cfe000 	C:\Program Files\Java\jdk-21\bin\msvcp140.dll
0x00007ffa9ece0000 - 0x00007ffa9f9fa000 	C:\Program Files\Java\jdk-21\bin\server\jvm.dll
0x00007ffb3ce60000 - 0x00007ffb3cecf000 	C:\windows\System32\WS2_32.dll
0x00007ffb3a200000 - 0x00007ffb3a24d000 	C:\windows\SYSTEM32\POWRPROF.dll
0x00007ffb336a0000 - 0x00007ffb336d3000 	C:\windows\SYSTEM32\WINMM.dll
0x00007ffb3a1b0000 - 0x00007ffb3a1c3000 	C:\windows\SYSTEM32\UMPDC.dll
0x00007ffb39c30000 - 0x00007ffb39c48000 	C:\windows\SYSTEM32\kernel.appcore.dll
0x00007ffb27870000 - 0x00007ffb2787a000 	C:\Program Files\Java\jdk-21\bin\jimage.dll
0x00007ffb2f6b0000 - 0x00007ffb2f8d1000 	C:\windows\SYSTEM32\DBGHELP.DLL
0x00007ffb25600000 - 0x00007ffb25631000 	C:\windows\SYSTEM32\dbgcore.DLL
0x00007ffb3b330000 - 0x00007ffb3b3af000 	C:\windows\System32\bcryptPrimitives.dll
0x00007ffb196d0000 - 0x00007ffb196ef000 	C:\Program Files\Java\jdk-21\bin\java.dll
0x00007ffb3baf0000 - 0x00007ffb3c2b5000 	C:\windows\System32\SHELL32.dll
0x00007ffb38c20000 - 0x00007ffb39482000 	C:\windows\SYSTEM32\windows.storage.dll
0x00007ffb3b510000 - 0x00007ffb3b886000 	C:\windows\System32\combase.dll
0x00007ffb38ab0000 - 0x00007ffb38c17000 	C:\windows\SYSTEM32\wintypes.dll
0x00007ffb3cd70000 - 0x00007ffb3ce5a000 	C:\windows\System32\SHCORE.dll
0x00007ffb3c880000 - 0x00007ffb3c8dd000 	C:\windows\System32\shlwapi.dll
0x00007ffb3aa80000 - 0x00007ffb3aaa5000 	C:\windows\SYSTEM32\profapi.dll
0x00007ffb14b90000 - 0x00007ffb14c67000 	C:\Program Files\Java\jdk-21\bin\jsvml.dll
0x00007ffb276c0000 - 0x00007ffb276d0000 	C:\Program Files\Java\jdk-21\bin\net.dll
0x00007ffb356f0000 - 0x00007ffb35804000 	C:\windows\SYSTEM32\WINHTTP.dll
0x00007ffb3a0e0000 - 0x00007ffb3a147000 	C:\windows\system32\mswsock.dll
0x00007ffb14b70000 - 0x00007ffb14b86000 	C:\Program Files\Java\jdk-21\bin\nio.dll
0x00007ffb14b50000 - 0x00007ffb14b68000 	C:\Program Files\Java\jdk-21\bin\zip.dll
0x00007ffb23270000 - 0x00007ffb2327a000 	C:\Program Files\Java\jdk-21\bin\management.dll
0x00007ffb231d0000 - 0x00007ffb231db000 	C:\Program Files\Java\jdk-21\bin\management_ext.dll
0x00007ffb3cf80000 - 0x00007ffb3cf88000 	C:\windows\System32\PSAPI.DLL
0x00007ffb231a0000 - 0x00007ffb231ae000 	C:\Program Files\Java\jdk-21\bin\sunmscapi.dll
0x00007ffb3b0a0000 - 0x00007ffb3b202000 	C:\windows\System32\CRYPT32.dll
0x00007ffb3a4f0000 - 0x00007ffb3a518000 	C:\windows\SYSTEM32\ncrypt.dll
0x00007ffb3a4b0000 - 0x00007ffb3a4e7000 	C:\windows\SYSTEM32\NTASN1.dll
0x00007ffb3a3a0000 - 0x00007ffb3a3b8000 	C:\windows\SYSTEM32\CRYPTSP.dll
0x00007ffb39b90000 - 0x00007ffb39bc5000 	C:\windows\system32\rsaenh.dll
0x00007ffb3a250000 - 0x00007ffb3a27c000 	C:\windows\SYSTEM32\USERENV.dll
0x00007ffb3a520000 - 0x00007ffb3a547000 	C:\windows\SYSTEM32\bcrypt.dll
0x00007ffb3a3c0000 - 0x00007ffb3a3cc000 	C:\windows\SYSTEM32\CRYPTBASE.dll
0x00007ffb396e0000 - 0x00007ffb3970d000 	C:\windows\SYSTEM32\IPHLPAPI.DLL
0x00007ffb3c690000 - 0x00007ffb3c699000 	C:\windows\System32\NSI.dll
0x00007ffb22fc0000 - 0x00007ffb22fd0000 	C:\Program Files\Java\jdk-21\bin\verify.dll
0x00007ffb39750000 - 0x00007ffb39837000 	C:\windows\SYSTEM32\DNSAPI.dll
0x00007ffb2f680000 - 0x00007ffb2f68a000 	C:\Windows\System32\rasadhlp.dll
0x00007ffb33270000 - 0x00007ffb332f1000 	C:\windows\System32\fwpuclnt.dll
0x00007ffb22f80000 - 0x00007ffb22f89000 	C:\Program Files\Java\jdk-21\bin\extnet.dll
0x00007ffb0c0b0000 - 0x00007ffb0c0b8000 	C:\windows\system32\wshunix.dll
0x00007ffb210e0000 - 0x00007ffb210f7000 	C:\windows\system32\napinsp.dll
0x00007ffb210c0000 - 0x00007ffb210db000 	C:\windows\system32\pnrpnsp.dll
0x00007ffb210a0000 - 0x00007ffb210b2000 	C:\windows\System32\winrnr.dll
0x00007ffb20e40000 - 0x00007ffb20e55000 	C:\windows\system32\wshbth.dll
0x00007ffb20e20000 - 0x00007ffb20e3f000 	C:\windows\system32\nlansp_c.dll

dbghelp: loaded successfully - version: 4.0.5 - missing functions: none
symbol engine: initialized successfully - sym options: 0x614 - pdb path: .;C:\Program Files\Java\jdk-21\bin;C:\windows\SYSTEM32;C:\windows\WinSxS\amd64_microsoft.windows.common-controls_6595b64144ccf1df_6.0.22000.120_none_9d947278b86cc467;C:\Program Files\Java\jdk-21\bin\server

VM Arguments:
jvm_args: -XX:+ShowCodeDetailsInExceptionMessages 
java_command: com.recruit.springboot.RecruitmentWebPortal.RecruitmentWebPortalApplication
java_class_path (initial): C:\Users\amuly\Downloads\RecruitmentWebPortal\RecruitmentWebPortal\target\classes;C:\Users\amuly\.m2\repository\org\springframework\boot\spring-boot-starter-data-jpa\3.5.4-SNAPSHOT\spring-boot-starter-data-jpa-3.5.4-SNAPSHOT.jar;C:\Users\amuly\.m2\repository\org\springframework\boot\spring-boot-starter\3.5.4-SNAPSHOT\spring-boot-starter-3.5.4-SNAPSHOT.jar;C:\Users\amuly\.m2\repository\org\springframework\boot\spring-boot-starter-logging\3.5.4-SNAPSHOT\spring-boot-starter-logging-3.5.4-SNAPSHOT.jar;C:\Users\amuly\.m2\repository\ch\qos\logback\logback-classic\1.5.18\logback-classic-1.5.18.jar;C:\Users\amuly\.m2\repository\ch\qos\logback\logback-core\1.5.18\logback-core-1.5.18.jar;C:\Users\amuly\.m2\repository\org\apache\logging\log4j\log4j-to-slf4j\2.24.3\log4j-to-slf4j-2.24.3.jar;C:\Users\amuly\.m2\repository\org\apache\logging\log4j\log4j-api\2.24.3\log4j-api-2.24.3.jar;C:\Users\amuly\.m2\repository\org\slf4j\jul-to-slf4j\2.0.17\jul-to-slf4j-2.0.17.jar;C:\Users\amuly\.m2\repository\jakarta\annotation\jakarta.annotation-api\2.1.1\jakarta.annotation-api-2.1.1.jar;C:\Users\amuly\.m2\repository\org\yaml\snakeyaml\2.4\snakeyaml-2.4.jar;C:\Users\amuly\.m2\repository\org\springframework\boot\spring-boot-starter-jdbc\3.5.4-SNAPSHOT\spring-boot-starter-jdbc-3.5.4-SNAPSHOT.jar;C:\Users\amuly\.m2\repository\com\zaxxer\HikariCP\6.3.0\HikariCP-6.3.0.jar;C:\Users\amuly\.m2\repository\org\springframework\spring-jdbc\6.2.9-SNAPSHOT\spring-jdbc-6.2.9-SNAPSHOT.jar;C:\Users\amuly\.m2\repository\org\hibernate\orm\hibernate-core\6.6.20.Final\hibernate-core-6.6.20.Final.jar;C:\Users\amuly\.m2\repository\jakarta\persistence\jakarta.persistence-api\3.1.0\jakarta.persistence-api-3.1.0.jar;C:\Users\amuly\.m2\repository\jakarta\transaction\jakarta.transaction-api\2.0.1\jakarta.transaction-api-2.0.1.jar;C:\Users\amuly\.m2\repository\org\jboss\logging\jboss-logging\3.6.1.Final\jboss-logging-3.6.1.Final.jar;C:\Users\amuly\.m2\repository\org\hibernate\common\hibernate-commons-annotations\7.0.3.Final\hibernate-commons-annotations-7.0.3.Final.jar;C:\Users\amuly\.m2\repository\io\smallrye\jandex\3.2.0\jandex-3.2.0.jar;C:\Users\amuly\.m2\repository\com\fasterxml\classmate\1.7.0\classmate-1.7.0.jar;C:\Users\amuly\.m2\repository\net\bytebuddy\byte-buddy\1.17.6\byte-buddy-1.17.6.jar;C:\Users\amuly\.m2\repository\org\glassfish\jaxb\jaxb-runtime\4.0.5\jaxb-runtime-4.0.5.jar;C:\Users\amuly\.m2\repository\org\glassfish\jaxb\jaxb-core\4.0.5\jaxb-core-4.0.5.jar;C:\Users\amuly\.m2\repository\org\glassfish\jaxb\txw2\4.0.5\txw2-4.0.5.jar;C:\Users\amuly\.m2\repository\com\sun\istack\istack-commons-runtime\4.1.2\istack-commons-runtime-4.1.2.jar;C:\Users\amuly\.m2\repository\jakarta\inject\jakarta.inject-api\2.0.1\jakarta.inject-api-2.0.1.jar;C:\Users\amuly\.m2\repository\org\antlr\antlr4-runtime\4.13.0\antlr4-runtime-4.13.0.jar;C:\Users\amuly\.m2\repository\org\springframework\data\spring-data-jpa\3.5.2-SNAPSHOT\spring-data-jpa-3.5.2-SNAPSHOT.jar;C:\Users\amuly\.m2\repository\org\springframework\data\spring-data-commons\3.5.2-SNAPSHOT\spring-data-commons-3.5.2-SNAPSHOT.jar;C:\Users\amuly\.m2\repository\org\springframework\spring-orm\6.2.9-SNAPSHOT\spring-orm-6.2.9-SNAPSHOT.jar;C:\Users\amuly\.m2\repository\org\springframework\spring-context\6.2.9-SNAPSHOT\spring-context-6.2.9-SNAPSHOT.jar;C:\Users\amuly\.m2\repository\org\springframework\spring-tx\6.2.9-SNAPSHOT\spring-tx-6.2.9-SNAPSHOT.jar;C:\Users\amuly\.m2\repository\org\springframework\spring-beans\6.2.9-SNAPSHOT\spring-beans-6.2.9-SNAPSHOT.jar;C:\Users\amuly\.m2\repository\org\slf4j\slf4j-api\2.0.17\slf4j-api-2.0.17.jar;C:\Users\amuly\.m2\repository\org\springframework\spring-aspects\6.2.9-SNAPSHOT\spring-aspects-6.2.9-SNAPSHOT.jar;C:\Users\amuly\.m2\repository\org\aspectj\aspectjweaver\1.9.24\aspectjweaver-1.9.24.jar;C:\Users\amuly\.m2\repository\org\springframework\boot\spring-boot-starter-mail\3.5.4-SNAPSHOT\spring-boot-starter-mail-3.5.4-SNAPSHOT.jar;C:\Users\amuly\.m2\repository\org\springframework\spring-context-support\6.2.9-SNAPSHOT\spring-context-support-6.2.9-SNAPSHOT.jar;C:\Users\amuly\.m2\repository\org\eclipse\angus\jakarta.mail\2.0.3\jakarta.mail-2.0.3.jar;C:\Users\amuly\.m2\repository\jakarta\activation\jakarta.activation-api\2.1.3\jakarta.activation-api-2.1.3.jar;C:\Users\amuly\.m2\repository\org\eclipse\angus\angus-activation\2.0.2\angus-activation-2.0.2.jar;C:\Users\amuly\.m2\repository\org\springframework\boot\spring-boot-starter-security\3.5.4-SNAPSHOT\spring-boot-starter-security-3.5.4-SNAPSHOT.jar;C:\Users\amuly\.m2\repository\org\springframework\spring-aop\6.2.9-SNAPSHOT\spring-aop-6.2.9-SNAPSHOT.jar;C:\Users\amuly\.m2\repository\org\springframework\security\spring-security-config\6.5.1\spring-security-config-6.5.1.jar;C:\Users\amuly\.m2\repository\org\springframework\security\spring-security-web\6.5.1\spring-security-web-6.5.1.jar;C:\Users\amuly\.m2\repository\org\springframework\spring-expression\6.2.9-SNAPSHOT\spring-expression-6.2.9-SNAPSHOT.jar;C:\Users\amuly\.m2\repository\org\springframework\boot\spring-boot-starter-validation\3.5.4-SNAPSHOT\spring-boot-starter-validation-3.5.4-SNAPSHOT.jar;C:\Users\amuly\.m2\repository\org\apache\tomcat\embed\tomcat-embed-el\10.1.43\tomcat-embed-el-10.1.43.jar;C:\Users\amuly\.m2\repository\org\hibernate\validator\hibernate-validator\8.0.2.Final\hibernate-validator-8.0.2.Final.jar;C:\Users\amuly\.m2\repository\jakarta\validation\jakarta.validation-api\3.0.2\jakarta.validation-api-3.0.2.jar;C:\Users\amuly\.m2\repository\org\springframework\boot\spring-boot-starter-web\3.5.4-SNAPSHOT\spring-boot-starter-web-3.5.4-SNAPSHOT.jar;C:\Users\amuly\.m2\repository\org\springframework\boot\spring-boot-starter-json\3.5.4-SNAPSHOT\spring-boot-starter-json-3.5.4-SNAPSHOT.jar;C:\Users\amuly\.m2\repository\com\fasterxml\jackson\datatype\jackson-datatype-jdk8\2.19.1\jackson-datatype-jdk8-2.19.1.jar;C:\Users\amuly\.m2\repository\com\fasterxml\jackson\datatype\jackson-datatype-jsr310\2.19.1\jackson-datatype-jsr310-2.19.1.jar;C:\Users\amuly\.m2\repository\com\fasterxml\jackson\module\jackson-module-parameter-names\2.19.1\jackson-module-parameter-names-2.19.1.jar;C:\Users\amuly\.m2\repository\org\springframework\boot\spring-boot-starter-tomcat\3.5.4-SNAPSHOT\spring-boot-starter-tomcat-3.5.4-SNAPSHOT.jar;C:\Users\amuly\.m2\repository\org\apache\tomcat\embed\tomcat-embed-core\10.1.43\tomcat-embed-core-10.1.43.jar;C:\Users\amuly\.m2\repository\org\apache\tomcat\embed\tomcat-embed-websocket\10.1.43\tomcat-embed-websocket-10.1.43.jar;C:\Users\amuly\.m2\repository\org\springframework\spring-web\6.2.9-SNAPSHOT\spring-web-6.2.9-SNAPSHOT.jar;C:\Users\amuly\.m2\repository\io\micrometer\micrometer-observation\1.15.2-SNAPSHOT\micrometer-observation-1.15.2-SNAPSHOT.jar;C:\Users\amuly\.m2\repository\io\micrometer\micrometer-commons\1.15.2-SNAPSHOT\micrometer-commons-1.15.2-SNAPSHOT.jar;C:\Users\amuly\.m2\repository\org\springframework\spring-webmvc\6.2.9-SNAPSHOT\spring-webmvc-6.2.9-SNAPSHOT.jar;C:\Users\amuly\.m2\repository\org\springframework\boot\spring-boot-devtools\3.5.4-SNAPSHOT\spring-boot-devtools-3.5.4-SNAPSHOT.jar;C:\Users\amuly\.m2\repository\org\springframework\boot\spring-boot\3.5.4-SNAPSHOT\spring-boot-3.5.4-SNAPSHOT.jar;C:\Users\amuly\.m2\repository\org\springframework\boot\spring-boot-autoconfigure\3.5.4-SNAPSHOT\spring-boot-autoconfigure-3.5.4-SNAPSHOT.jar;C:\Users\amuly\.m2\repository\com\mysql\mysql-connector-j\9.3.0\mysql-connector-j-9.3.0.jar;C:\Users\amuly\.m2\repository\jakarta\xml\bind\jakarta.xml.bind-api\4.0.2\jakarta.xml.bind-api-4.0.2.jar;C:\Users\amuly\.m2\repository\org\springframework\spring-core\6.2.9-SNAPSHOT\spring-core-6.2.9-SNAPSHOT.jar;C:\Users\amuly\.m2\repository\org\springframework\spring-jcl\6.2.9-SNAPSHOT\spring-jcl-6.2.9-SNAPSHOT.jar;C:\Users\amuly\.m2\repository\org\springframework\security\spring-security-core\6.5.1\spring-security-core-6.5.1.jar;C:\Users\amuly\.m2\repository\org\springframework\security\spring-security-crypto\6.5.1\spring-security-crypto-6.5.1.jar;C:\Users\amuly\.m2\repository\io\jsonwebtoken\jjwt-api\0.11.5\jjwt-api-0.11.5.jar;C:\Users\amuly\.m2\repository\io\jsonwebtoken\jjwt-impl\0.11.5\jjwt-impl-0.11.5.jar;C:\Users\amuly\.m2\repository\io\jsonwebtoken\jjwt-jackson\0.11.5\jjwt-jackson-0.11.5.jar;C:\Users\amuly\.m2\repository\com\fasterxml\jackson\core\jackson-databind\2.19.1\jackson-databind-2.19.1.jar;C:\Users\amuly\.m2\repository\com\fasterxml\jackson\core\jackson-annotations\2.19.1\jackson-annotations-2.19.1.jar;C:\Users\amuly\.m2\repository\com\fasterxml\jackson\core\jackson-core\2.19.1\jackson-core-2.19.1.jar
Launcher Type: SUN_STANDARD

[Global flags]
     intx CICompilerCount                          = 4                                         {product} {ergonomic}
     uint ConcGCThreads                            = 3                                         {product} {ergonomic}
     uint G1ConcRefinementThreads                  = 10                                        {product} {ergonomic}
   size_t G1HeapRegionSize                         = 1048576                                   {product} {ergonomic}
    uintx GCDrainStackTargetSize                   = 64                                        {product} {ergonomic}
   size_t InitialHeapSize                          = 123731968                                 {product} {ergonomic}
   size_t MarkStackSize                            = 4194304                                   {product} {ergonomic}
   size_t MaxHeapSize                              = 1967128576                                {product} {ergonomic}
   size_t MaxNewSize                               = 1179648000                                {product} {ergonomic}
   size_t MinHeapDeltaBytes                        = 1048576                                   {product} {ergonomic}
   size_t MinHeapSize                              = 8388608                                   {product} {ergonomic}
    uintx NonNMethodCodeHeapSize                   = 5839372                                {pd product} {ergonomic}
    uintx NonProfiledCodeHeapSize                  = 122909434                              {pd product} {ergonomic}
    uintx ProfiledCodeHeapSize                     = 122909434                              {pd product} {ergonomic}
    uintx ReservedCodeCacheSize                    = 251658240                              {pd product} {ergonomic}
     bool SegmentedCodeCache                       = true                                      {product} {ergonomic}
     bool ShowCodeDetailsInExceptionMessages       = true                                   {manageable} {command line}
   size_t SoftMaxHeapSize                          = 1967128576                             {manageable} {ergonomic}
     bool UseCompressedOops                        = true                           {product lp64_product} {ergonomic}
     bool UseG1GC                                  = true                                      {product} {ergonomic}
     bool UseLargePagesIndividualAllocation        = false                                  {pd product} {ergonomic}

Logging:
Log output configuration:
 #0: stdout all=warning uptime,level,tags foldmultilines=false
 #1: stderr all=off uptime,level,tags foldmultilines=false

Environment Variables:
PATH=C:\Program Files\Common Files\Oracle\Java\javapath;D:\oracle\product\10.2.0\db_3\bin;D:\oracle\product\10.2.0\db_2\bin;D:\oracle\product\10.2.0\db_1\bin;D:\oracle\product\10.2.0\db_4\bin;C:\windows\system32;C:\windows;C:\windows\System32\Wbem;C:\windows\System32\WindowsPowerShell\v1.0\;C:\windows\System32\OpenSSH\;C:\Program Files\Java\jdk-18.0.1\bin;C:\Program Files (x86)\GnuWin32\bin;C:\Program Files (x86)\Embarcadero\Dev-Cpp\TDM-GCC-64\bin;C:\Program Files (x86)\Embarcadero\Dev-Cpp\TDM-GCC-64\x86_64-w64-mingw32\bin;C:\Program Files\Git\cmd;C:\php-8.2.28;C:\Program Files\MySQL\MySQL Server 8.0\bin;C:\Program Files\SQL Anywhere 17\bin64;C:\Program Files\SQL Anywhere 17\bin32;C:\Program Files\nodejs\;C:\Program Files\Java\jdk-21\bin;C:\Users\amuly\Downloads\apache-maven-3.9.10-bin\apache-maven-3.9.10\bin;C:\Program Files\MySQL\MySQL Shell 8.0\bin\;C:\Users\amuly\AppData\Local\Programs\Python\Python311\Scripts\;C:\Users\amuly\AppData\Local\Programs\Python\Python311\;C:\Users\amuly\AppData\Local\Microsoft\WindowsApps;C:\Users\amuly\AppData\Local\Programs\Microsoft VS Code\bin;C:\Program Files\MySQL\MySQL Server 8.0\bin;C:\Users\amuly\AppData\Roaming\npm;C:\Users\amuly\AppData\Local\Programs\cursor\resources\app\bin
USERNAME=amuly
LANG=en_US.UTF-8
OS=Windows_NT
PROCESSOR_IDENTIFIER=AMD64 Family 23 Model 104 Stepping 1, AuthenticAMD
TMP=C:\Users\amuly\AppData\Local\Temp
TEMP=C:\Users\amuly\AppData\Local\Temp




Periodic native trim disabled

---------------  S Y S T E M  ---------------

OS:
 Windows 11 , 64 bit Build 22000 (10.0.22000.2538)
OS uptime: 0 days 1:29 hours

CPU: total 12 (initial active 12) (12 cores per cpu, 2 threads per core) family 23 model 104 stepping 1 microcode 0x0, cx8, cmov, fxsr, ht, mmx, 3dnowpref, sse, sse2, sse3, ssse3, sse4a, sse4.1, sse4.2, popcnt, lzcnt, tsc, tscinvbit, avx, avx2, aes, clmul, bmi1, bmi2, adx, sha, fma, vzeroupper, clflush, clflushopt, rdtscp, rdpid, f16c
Processor Information for processor 0
  Max Mhz: 2100, Current Mhz: 2100, Mhz Limit: 2100
Processor Information for processor 1
  Max Mhz: 2100, Current Mhz: 2100, Mhz Limit: 2100
Processor Information for processor 2
  Max Mhz: 2100, Current Mhz: 2100, Mhz Limit: 2100
Processor Information for processor 3
  Max Mhz: 2100, Current Mhz: 2100, Mhz Limit: 2100
Processor Information for processor 4
  Max Mhz: 2100, Current Mhz: 2100, Mhz Limit: 2100
Processor Information for processor 5
  Max Mhz: 2100, Current Mhz: 2100, Mhz Limit: 2100
Processor Information for processor 6
  Max Mhz: 2100, Current Mhz: 1988, Mhz Limit: 2100
Processor Information for processor 7
  Max Mhz: 2100, Current Mhz: 2100, Mhz Limit: 2100
Processor Information for processor 8
  Max Mhz: 2100, Current Mhz: 2100, Mhz Limit: 2100
Processor Information for processor 9
  Max Mhz: 2100, Current Mhz: 2100, Mhz Limit: 2100
Processor Information for processor 10
  Max Mhz: 2100, Current Mhz: 2100, Mhz Limit: 2100
Processor Information for processor 11
  Max Mhz: 2100, Current Mhz: 1988, Mhz Limit: 2100

Memory: 4k page, system-wide physical 7501M (308M free)
TotalPageFile size 13753M (AvailPageFile size 2M)
current process WorkingSet (physical memory assigned to process): 331M, peak: 342M
current process commit charge ("private bytes"): 371M, peak: 398M

vm_info: Java HotSpot(TM) 64-Bit Server VM (21.0.7+8-LTS-245) for windows-amd64 JRE (21.0.7+8-LTS-245), built on 2025-02-21T05:11:27Z by "mach5one" with MS VC++ 17.6 (VS2022)

END.
